CRITICAL - 2022-12-02 04:22:10 --> Call to undefined function truncateString()
in APPPATH\Views\article.php on line 153.
 1 SYSTEMPATH\View\View.php(213): include()
 2 SYSTEMPATH\View\View.php(216): CodeIgniter\View\View->CodeIgniter\View\{closure}()
 3 SYSTEMPATH\Common.php(1135): CodeIgniter\View\View->render('article', [], true)
 4 APPPATH\Controllers\Home.php(58): view('article', [...])
 5 SYSTEMPATH\CodeIgniter.php(896): App\Controllers\Home->article()
 6 SYSTEMPATH\CodeIgniter.php(466): CodeIgniter\CodeIgniter->runController(Object(App\Controllers\Home))
 7 SYSTEMPATH\CodeIgniter.php(349): CodeIgniter\CodeIgniter->handleRequest(null, Object(Config\Cache), false)
 8 FCPATH\index.php(55): CodeIgniter\CodeIgniter->run()
 9 SYSTEMPATH\Commands\Server\rewrite.php(43): require_once('FCPATH\\index.php')
CRITICAL - 2022-12-02 05:09:00 --> Undefined variable: categories
in APPPATH\Views\article-detail.php on line 92.
 1 APPPATH\Views\article-detail.php(92): CodeIgniter\Debug\Exceptions->errorHandler(8, 'Undefined variable: categories', 'APPPATH\\Views\\article-detail.php', 92, [...])
 2 SYSTEMPATH\View\View.php(213): include('APPPATH\\Views\\article-detail.php')
 3 SYSTEMPATH\View\View.php(216): CodeIgniter\View\View->CodeIgniter\View\{closure}()
 4 SYSTEMPATH\Common.php(1135): CodeIgniter\View\View->render('article-detail', [], true)
 5 APPPATH\Controllers\Home.php(73): view('article-detail', [...])
 6 SYSTEMPATH\CodeIgniter.php(896): App\Controllers\Home->detail('a')
 7 SYSTEMPATH\CodeIgniter.php(466): CodeIgniter\CodeIgniter->runController(Object(App\Controllers\Home))
 8 SYSTEMPATH\CodeIgniter.php(349): CodeIgniter\CodeIgniter->handleRequest(null, Object(Config\Cache), false)
 9 FCPATH\index.php(55): CodeIgniter\CodeIgniter->run()
10 SYSTEMPATH\Commands\Server\rewrite.php(43): require_once('FCPATH\\index.php')
CRITICAL - 2022-12-02 05:20:34 --> Cannot use object of type App\Models\ArticlesModel as array
in APPPATH\Views\article-detail.php on line 46.
 1 SYSTEMPATH\View\View.php(213): include()
 2 SYSTEMPATH\View\View.php(216): CodeIgniter\View\View->CodeIgniter\View\{closure}()
 3 SYSTEMPATH\Common.php(1135): CodeIgniter\View\View->render('article-detail', [], true)
 4 APPPATH\Controllers\Home.php(77): view('article-detail', [...])
 5 SYSTEMPATH\CodeIgniter.php(896): App\Controllers\Home->detail('a')
 6 SYSTEMPATH\CodeIgniter.php(466): CodeIgniter\CodeIgniter->runController(Object(App\Controllers\Home))
 7 SYSTEMPATH\CodeIgniter.php(349): CodeIgniter\CodeIgniter->handleRequest(null, Object(Config\Cache), false)
 8 FCPATH\index.php(55): CodeIgniter\CodeIgniter->run()
 9 SYSTEMPATH\Commands\Server\rewrite.php(43): require_once('FCPATH\\index.php')
CRITICAL - 2022-12-02 05:21:40 --> Cannot use object of type App\Models\ArticlesModel as array
in APPPATH\Views\article-detail.php on line 46.
 1 SYSTEMPATH\View\View.php(213): include()
 2 SYSTEMPATH\View\View.php(216): CodeIgniter\View\View->CodeIgniter\View\{closure}()
 3 SYSTEMPATH\Common.php(1135): CodeIgniter\View\View->render('article-detail', [], true)
 4 APPPATH\Controllers\Home.php(77): view('article-detail', [...])
 5 SYSTEMPATH\CodeIgniter.php(896): App\Controllers\Home->detail('a')
 6 SYSTEMPATH\CodeIgniter.php(466): CodeIgniter\CodeIgniter->runController(Object(App\Controllers\Home))
 7 SYSTEMPATH\CodeIgniter.php(349): CodeIgniter\CodeIgniter->handleRequest(null, Object(Config\Cache), false)
 8 FCPATH\index.php(55): CodeIgniter\CodeIgniter->run()
 9 SYSTEMPATH\Commands\Server\rewrite.php(43): require_once('FCPATH\\index.php')
CRITICAL - 2022-12-02 05:23:22 --> Undefined index: roles
in APPPATH\Views\article-detail.php on line 87.
 1 APPPATH\Views\article-detail.php(87): CodeIgniter\Debug\Exceptions->errorHandler(8, 'Undefined index: roles', 'APPPATH\\Views\\article-detail.php', 87, [...])
 2 SYSTEMPATH\View\View.php(213): include('APPPATH\\Views\\article-detail.php')
 3 SYSTEMPATH\View\View.php(216): CodeIgniter\View\View->CodeIgniter\View\{closure}()
 4 SYSTEMPATH\Common.php(1135): CodeIgniter\View\View->render('article-detail', [], true)
 5 APPPATH\Controllers\Home.php(77): view('article-detail', [...])
 6 SYSTEMPATH\CodeIgniter.php(896): App\Controllers\Home->detail('a')
 7 SYSTEMPATH\CodeIgniter.php(466): CodeIgniter\CodeIgniter->runController(Object(App\Controllers\Home))
 8 SYSTEMPATH\CodeIgniter.php(349): CodeIgniter\CodeIgniter->handleRequest(null, Object(Config\Cache), false)
 9 FCPATH\index.php(55): CodeIgniter\CodeIgniter->run()
10 SYSTEMPATH\Commands\Server\rewrite.php(43): require_once('FCPATH\\index.php')
CRITICAL - 2022-12-02 05:23:25 --> Undefined index: roles
in APPPATH\Views\article-detail.php on line 87.
 1 APPPATH\Views\article-detail.php(87): CodeIgniter\Debug\Exceptions->errorHandler(8, 'Undefined index: roles', 'APPPATH\\Views\\article-detail.php', 87, [...])
 2 SYSTEMPATH\View\View.php(213): include('APPPATH\\Views\\article-detail.php')
 3 SYSTEMPATH\View\View.php(216): CodeIgniter\View\View->CodeIgniter\View\{closure}()
 4 SYSTEMPATH\Common.php(1135): CodeIgniter\View\View->render('article-detail', [], true)
 5 APPPATH\Controllers\Home.php(77): view('article-detail', [...])
 6 SYSTEMPATH\CodeIgniter.php(896): App\Controllers\Home->detail('a')
 7 SYSTEMPATH\CodeIgniter.php(466): CodeIgniter\CodeIgniter->runController(Object(App\Controllers\Home))
 8 SYSTEMPATH\CodeIgniter.php(349): CodeIgniter\CodeIgniter->handleRequest(null, Object(Config\Cache), false)
 9 FCPATH\index.php(55): CodeIgniter\CodeIgniter->run()
10 SYSTEMPATH\Commands\Server\rewrite.php(43): require_once('FCPATH\\index.php')
CRITICAL - 2022-12-02 05:24:08 --> Undefined index: name
in APPPATH\Views\article-detail.php on line 46.
 1 APPPATH\Views\article-detail.php(46): CodeIgniter\Debug\Exceptions->errorHandler(8, 'Undefined index: name', 'APPPATH\\Views\\article-detail.php', 46, [...])
 2 SYSTEMPATH\View\View.php(213): include('APPPATH\\Views\\article-detail.php')
 3 SYSTEMPATH\View\View.php(216): CodeIgniter\View\View->CodeIgniter\View\{closure}()
 4 SYSTEMPATH\Common.php(1135): CodeIgniter\View\View->render('article-detail', [], true)
 5 APPPATH\Controllers\Home.php(77): view('article-detail', [...])
 6 SYSTEMPATH\CodeIgniter.php(896): App\Controllers\Home->detail('a')
 7 SYSTEMPATH\CodeIgniter.php(466): CodeIgniter\CodeIgniter->runController(Object(App\Controllers\Home))
 8 SYSTEMPATH\CodeIgniter.php(349): CodeIgniter\CodeIgniter->handleRequest(null, Object(Config\Cache), false)
 9 FCPATH\index.php(55): CodeIgniter\CodeIgniter->run()
10 SYSTEMPATH\Commands\Server\rewrite.php(43): require_once('FCPATH\\index.php')
CRITICAL - 2022-12-02 05:24:44 --> Trying to access array offset on value of type null
in APPPATH\Views\article-detail.php on line 46.
 1 APPPATH\Views\article-detail.php(46): CodeIgniter\Debug\Exceptions->errorHandler(8, 'Trying to access array offset on value of type null', 'APPPATH\\Views\\article-detail.php', 46, [...])
 2 SYSTEMPATH\View\View.php(213): include('APPPATH\\Views\\article-detail.php')
 3 SYSTEMPATH\View\View.php(216): CodeIgniter\View\View->CodeIgniter\View\{closure}()
 4 SYSTEMPATH\Common.php(1135): CodeIgniter\View\View->render('article-detail', [], true)
 5 APPPATH\Controllers\Home.php(77): view('article-detail', [...])
 6 SYSTEMPATH\CodeIgniter.php(896): App\Controllers\Home->detail('a')
 7 SYSTEMPATH\CodeIgniter.php(466): CodeIgniter\CodeIgniter->runController(Object(App\Controllers\Home))
 8 SYSTEMPATH\CodeIgniter.php(349): CodeIgniter\CodeIgniter->handleRequest(null, Object(Config\Cache), false)
 9 FCPATH\index.php(55): CodeIgniter\CodeIgniter->run()
10 SYSTEMPATH\Commands\Server\rewrite.php(43): require_once('FCPATH\\index.php')
CRITICAL - 2022-12-02 05:24:57 --> Trying to access array offset on value of type null
in APPPATH\Views\article-detail.php on line 46.
 1 APPPATH\Views\article-detail.php(46): CodeIgniter\Debug\Exceptions->errorHandler(8, 'Trying to access array offset on value of type null', 'APPPATH\\Views\\article-detail.php', 46, [...])
 2 SYSTEMPATH\View\View.php(213): include('APPPATH\\Views\\article-detail.php')
 3 SYSTEMPATH\View\View.php(216): CodeIgniter\View\View->CodeIgniter\View\{closure}()
 4 SYSTEMPATH\Common.php(1135): CodeIgniter\View\View->render('article-detail', [], true)
 5 APPPATH\Controllers\Home.php(77): view('article-detail', [...])
 6 SYSTEMPATH\CodeIgniter.php(896): App\Controllers\Home->detail('a')
 7 SYSTEMPATH\CodeIgniter.php(466): CodeIgniter\CodeIgniter->runController(Object(App\Controllers\Home))
 8 SYSTEMPATH\CodeIgniter.php(349): CodeIgniter\CodeIgniter->handleRequest(null, Object(Config\Cache), false)
 9 FCPATH\index.php(55): CodeIgniter\CodeIgniter->run()
10 SYSTEMPATH\Commands\Server\rewrite.php(43): require_once('FCPATH\\index.php')
CRITICAL - 2022-12-02 05:27:43 --> Undefined variable: articles
in APPPATH\Views\article-detail.php on line 37.
 1 APPPATH\Views\article-detail.php(37): CodeIgniter\Debug\Exceptions->errorHandler(8, 'Undefined variable: articles', 'APPPATH\\Views\\article-detail.php', 37, [...])
 2 SYSTEMPATH\View\View.php(213): include('APPPATH\\Views\\article-detail.php')
 3 SYSTEMPATH\View\View.php(216): CodeIgniter\View\View->CodeIgniter\View\{closure}()
 4 SYSTEMPATH\Common.php(1135): CodeIgniter\View\View->render('article-detail', [], true)
 5 APPPATH\Controllers\Home.php(77): view('article-detail', [...])
 6 SYSTEMPATH\CodeIgniter.php(896): App\Controllers\Home->detail('a')
 7 SYSTEMPATH\CodeIgniter.php(466): CodeIgniter\CodeIgniter->runController(Object(App\Controllers\Home))
 8 SYSTEMPATH\CodeIgniter.php(349): CodeIgniter\CodeIgniter->handleRequest(null, Object(Config\Cache), false)
 9 FCPATH\index.php(55): CodeIgniter\CodeIgniter->run()
10 SYSTEMPATH\Commands\Server\rewrite.php(43): require_once('FCPATH\\index.php')
CRITICAL - 2022-12-02 05:27:43 --> Undefined variable: articles
in APPPATH\Views\article-detail.php on line 37.
 1 APPPATH\Views\article-detail.php(37): CodeIgniter\Debug\Exceptions->errorHandler(8, 'Undefined variable: articles', 'APPPATH\\Views\\article-detail.php', 37, [...])
 2 SYSTEMPATH\View\View.php(213): include('APPPATH\\Views\\article-detail.php')
 3 SYSTEMPATH\View\View.php(216): CodeIgniter\View\View->CodeIgniter\View\{closure}()
 4 SYSTEMPATH\Common.php(1135): CodeIgniter\View\View->render('article-detail', [], true)
 5 APPPATH\Controllers\Home.php(77): view('article-detail', [...])
 6 SYSTEMPATH\CodeIgniter.php(896): App\Controllers\Home->detail('a')
 7 SYSTEMPATH\CodeIgniter.php(466): CodeIgniter\CodeIgniter->runController(Object(App\Controllers\Home))
 8 SYSTEMPATH\CodeIgniter.php(349): CodeIgniter\CodeIgniter->handleRequest(null, Object(Config\Cache), false)
 9 FCPATH\index.php(55): CodeIgniter\CodeIgniter->run()
10 SYSTEMPATH\Commands\Server\rewrite.php(43): require_once('FCPATH\\index.php')
CRITICAL - 2022-12-02 05:27:44 --> Undefined variable: articles
in APPPATH\Views\article-detail.php on line 37.
 1 APPPATH\Views\article-detail.php(37): CodeIgniter\Debug\Exceptions->errorHandler(8, 'Undefined variable: articles', 'APPPATH\\Views\\article-detail.php', 37, [...])
 2 SYSTEMPATH\View\View.php(213): include('APPPATH\\Views\\article-detail.php')
 3 SYSTEMPATH\View\View.php(216): CodeIgniter\View\View->CodeIgniter\View\{closure}()
 4 SYSTEMPATH\Common.php(1135): CodeIgniter\View\View->render('article-detail', [], true)
 5 APPPATH\Controllers\Home.php(77): view('article-detail', [...])
 6 SYSTEMPATH\CodeIgniter.php(896): App\Controllers\Home->detail('a')
 7 SYSTEMPATH\CodeIgniter.php(466): CodeIgniter\CodeIgniter->runController(Object(App\Controllers\Home))
 8 SYSTEMPATH\CodeIgniter.php(349): CodeIgniter\CodeIgniter->handleRequest(null, Object(Config\Cache), false)
 9 FCPATH\index.php(55): CodeIgniter\CodeIgniter->run()
10 SYSTEMPATH\Commands\Server\rewrite.php(43): require_once('FCPATH\\index.php')
CRITICAL - 2022-12-02 05:28:16 --> Undefined variable: articles
in APPPATH\Views\article-detail.php on line 37.
 1 APPPATH\Views\article-detail.php(37): CodeIgniter\Debug\Exceptions->errorHandler(8, 'Undefined variable: articles', 'APPPATH\\Views\\article-detail.php', 37, [...])
 2 SYSTEMPATH\View\View.php(213): include('APPPATH\\Views\\article-detail.php')
 3 SYSTEMPATH\View\View.php(216): CodeIgniter\View\View->CodeIgniter\View\{closure}()
 4 SYSTEMPATH\Common.php(1135): CodeIgniter\View\View->render('article-detail', [], true)
 5 APPPATH\Controllers\Home.php(77): view('article-detail', [...])
 6 SYSTEMPATH\CodeIgniter.php(896): App\Controllers\Home->detail('a')
 7 SYSTEMPATH\CodeIgniter.php(466): CodeIgniter\CodeIgniter->runController(Object(App\Controllers\Home))
 8 SYSTEMPATH\CodeIgniter.php(349): CodeIgniter\CodeIgniter->handleRequest(null, Object(Config\Cache), false)
 9 FCPATH\index.php(55): CodeIgniter\CodeIgniter->run()
10 SYSTEMPATH\Commands\Server\rewrite.php(43): require_once('FCPATH\\index.php')
CRITICAL - 2022-12-02 05:28:17 --> Undefined variable: articles
in APPPATH\Views\article-detail.php on line 37.
 1 APPPATH\Views\article-detail.php(37): CodeIgniter\Debug\Exceptions->errorHandler(8, 'Undefined variable: articles', 'APPPATH\\Views\\article-detail.php', 37, [...])
 2 SYSTEMPATH\View\View.php(213): include('APPPATH\\Views\\article-detail.php')
 3 SYSTEMPATH\View\View.php(216): CodeIgniter\View\View->CodeIgniter\View\{closure}()
 4 SYSTEMPATH\Common.php(1135): CodeIgniter\View\View->render('article-detail', [], true)
 5 APPPATH\Controllers\Home.php(77): view('article-detail', [...])
 6 SYSTEMPATH\CodeIgniter.php(896): App\Controllers\Home->detail('a')
 7 SYSTEMPATH\CodeIgniter.php(466): CodeIgniter\CodeIgniter->runController(Object(App\Controllers\Home))
 8 SYSTEMPATH\CodeIgniter.php(349): CodeIgniter\CodeIgniter->handleRequest(null, Object(Config\Cache), false)
 9 FCPATH\index.php(55): CodeIgniter\CodeIgniter->run()
10 SYSTEMPATH\Commands\Server\rewrite.php(43): require_once('FCPATH\\index.php')
CRITICAL - 2022-12-02 05:28:24 --> Trying to access array offset on value of type null
in APPPATH\Views\article-detail.php on line 46.
 1 APPPATH\Views\article-detail.php(46): CodeIgniter\Debug\Exceptions->errorHandler(8, 'Trying to access array offset on value of type null', 'APPPATH\\Views\\article-detail.php', 46, [...])
 2 SYSTEMPATH\View\View.php(213): include('APPPATH\\Views\\article-detail.php')
 3 SYSTEMPATH\View\View.php(216): CodeIgniter\View\View->CodeIgniter\View\{closure}()
 4 SYSTEMPATH\Common.php(1135): CodeIgniter\View\View->render('article-detail', [], true)
 5 APPPATH\Controllers\Home.php(77): view('article-detail', [...])
 6 SYSTEMPATH\CodeIgniter.php(896): App\Controllers\Home->detail('a')
 7 SYSTEMPATH\CodeIgniter.php(466): CodeIgniter\CodeIgniter->runController(Object(App\Controllers\Home))
 8 SYSTEMPATH\CodeIgniter.php(349): CodeIgniter\CodeIgniter->handleRequest(null, Object(Config\Cache), false)
 9 FCPATH\index.php(55): CodeIgniter\CodeIgniter->run()
10 SYSTEMPATH\Commands\Server\rewrite.php(43): require_once('FCPATH\\index.php')
CRITICAL - 2022-12-02 05:28:30 --> Undefined variable: articles
in APPPATH\Views\article-detail.php on line 37.
 1 APPPATH\Views\article-detail.php(37): CodeIgniter\Debug\Exceptions->errorHandler(8, 'Undefined variable: articles', 'APPPATH\\Views\\article-detail.php', 37, [...])
 2 SYSTEMPATH\View\View.php(213): include('APPPATH\\Views\\article-detail.php')
 3 SYSTEMPATH\View\View.php(216): CodeIgniter\View\View->CodeIgniter\View\{closure}()
 4 SYSTEMPATH\Common.php(1135): CodeIgniter\View\View->render('article-detail', [], true)
 5 APPPATH\Controllers\Home.php(77): view('article-detail', [...])
 6 SYSTEMPATH\CodeIgniter.php(896): App\Controllers\Home->detail('a')
 7 SYSTEMPATH\CodeIgniter.php(466): CodeIgniter\CodeIgniter->runController(Object(App\Controllers\Home))
 8 SYSTEMPATH\CodeIgniter.php(349): CodeIgniter\CodeIgniter->handleRequest(null, Object(Config\Cache), false)
 9 FCPATH\index.php(55): CodeIgniter\CodeIgniter->run()
10 SYSTEMPATH\Commands\Server\rewrite.php(43): require_once('FCPATH\\index.php')
CRITICAL - 2022-12-02 05:28:41 --> Undefined variable: articles
in APPPATH\Views\article-detail.php on line 37.
 1 APPPATH\Views\article-detail.php(37): CodeIgniter\Debug\Exceptions->errorHandler(8, 'Undefined variable: articles', 'APPPATH\\Views\\article-detail.php', 37, [...])
 2 SYSTEMPATH\View\View.php(213): include('APPPATH\\Views\\article-detail.php')
 3 SYSTEMPATH\View\View.php(216): CodeIgniter\View\View->CodeIgniter\View\{closure}()
 4 SYSTEMPATH\Common.php(1135): CodeIgniter\View\View->render('article-detail', [], true)
 5 APPPATH\Controllers\Home.php(77): view('article-detail', [...])
 6 SYSTEMPATH\CodeIgniter.php(896): App\Controllers\Home->detail('a')
 7 SYSTEMPATH\CodeIgniter.php(466): CodeIgniter\CodeIgniter->runController(Object(App\Controllers\Home))
 8 SYSTEMPATH\CodeIgniter.php(349): CodeIgniter\CodeIgniter->handleRequest(null, Object(Config\Cache), false)
 9 FCPATH\index.php(55): CodeIgniter\CodeIgniter->run()
10 SYSTEMPATH\Commands\Server\rewrite.php(43): require_once('FCPATH\\index.php')
CRITICAL - 2022-12-02 05:29:05 --> Illegal string offset 'title'
in APPPATH\Views\article-detail.php on line 46.
 1 APPPATH\Views\article-detail.php(46): CodeIgniter\Debug\Exceptions->errorHandler(2, 'Illegal string offset \'title\'', 'APPPATH\\Views\\article-detail.php', 46, [...])
 2 SYSTEMPATH\View\View.php(213): include('APPPATH\\Views\\article-detail.php')
 3 SYSTEMPATH\View\View.php(216): CodeIgniter\View\View->CodeIgniter\View\{closure}()
 4 SYSTEMPATH\Common.php(1135): CodeIgniter\View\View->render('article-detail', [], true)
 5 APPPATH\Controllers\Home.php(77): view('article-detail', [...])
 6 SYSTEMPATH\CodeIgniter.php(896): App\Controllers\Home->detail('a')
 7 SYSTEMPATH\CodeIgniter.php(466): CodeIgniter\CodeIgniter->runController(Object(App\Controllers\Home))
 8 SYSTEMPATH\CodeIgniter.php(349): CodeIgniter\CodeIgniter->handleRequest(null, Object(Config\Cache), false)
 9 FCPATH\index.php(55): CodeIgniter\CodeIgniter->run()
10 SYSTEMPATH\Commands\Server\rewrite.php(43): require_once('FCPATH\\index.php')
CRITICAL - 2022-12-02 05:29:06 --> Illegal string offset 'title'
in APPPATH\Views\article-detail.php on line 46.
 1 APPPATH\Views\article-detail.php(46): CodeIgniter\Debug\Exceptions->errorHandler(2, 'Illegal string offset \'title\'', 'APPPATH\\Views\\article-detail.php', 46, [...])
 2 SYSTEMPATH\View\View.php(213): include('APPPATH\\Views\\article-detail.php')
 3 SYSTEMPATH\View\View.php(216): CodeIgniter\View\View->CodeIgniter\View\{closure}()
 4 SYSTEMPATH\Common.php(1135): CodeIgniter\View\View->render('article-detail', [], true)
 5 APPPATH\Controllers\Home.php(77): view('article-detail', [...])
 6 SYSTEMPATH\CodeIgniter.php(896): App\Controllers\Home->detail('a')
 7 SYSTEMPATH\CodeIgniter.php(466): CodeIgniter\CodeIgniter->runController(Object(App\Controllers\Home))
 8 SYSTEMPATH\CodeIgniter.php(349): CodeIgniter\CodeIgniter->handleRequest(null, Object(Config\Cache), false)
 9 FCPATH\index.php(55): CodeIgniter\CodeIgniter->run()
10 SYSTEMPATH\Commands\Server\rewrite.php(43): require_once('FCPATH\\index.php')
CRITICAL - 2022-12-02 05:29:19 --> Trying to access array offset on value of type null
in APPPATH\Views\article-detail.php on line 46.
 1 APPPATH\Views\article-detail.php(46): CodeIgniter\Debug\Exceptions->errorHandler(8, 'Trying to access array offset on value of type null', 'APPPATH\\Views\\article-detail.php', 46, [...])
 2 SYSTEMPATH\View\View.php(213): include('APPPATH\\Views\\article-detail.php')
 3 SYSTEMPATH\View\View.php(216): CodeIgniter\View\View->CodeIgniter\View\{closure}()
 4 SYSTEMPATH\Common.php(1135): CodeIgniter\View\View->render('article-detail', [], true)
 5 APPPATH\Controllers\Home.php(77): view('article-detail', [...])
 6 SYSTEMPATH\CodeIgniter.php(896): App\Controllers\Home->detail('a')
 7 SYSTEMPATH\CodeIgniter.php(466): CodeIgniter\CodeIgniter->runController(Object(App\Controllers\Home))
 8 SYSTEMPATH\CodeIgniter.php(349): CodeIgniter\CodeIgniter->handleRequest(null, Object(Config\Cache), false)
 9 FCPATH\index.php(55): CodeIgniter\CodeIgniter->run()
10 SYSTEMPATH\Commands\Server\rewrite.php(43): require_once('FCPATH\\index.php')
ERROR - 2022-12-02 05:44:56 --> Column 'id_articles' cannot be null
CRITICAL - 2022-12-02 05:44:56 --> Column 'id_articles' cannot be null
in SYSTEMPATH\Database\MySQLi\Connection.php on line 292.
 1 SYSTEMPATH\Database\MySQLi\Connection.php(292): mysqli->query('INSERT INTO `visitors` (`type`, `id_articles`) VALUES (2, NULL)', 0)
 2 SYSTEMPATH\Database\BaseConnection.php(695): CodeIgniter\Database\MySQLi\Connection->execute('INSERT INTO `visitors` (`type`, `id_articles`) VALUES (2, NULL)')
 3 SYSTEMPATH\Database\BaseConnection.php(609): CodeIgniter\Database\BaseConnection->simpleQuery('INSERT INTO `visitors` (`type`, `id_articles`) VALUES (2, NULL)')
 4 SYSTEMPATH\Database\BaseBuilder.php(1904): CodeIgniter\Database\BaseConnection->query('INSERT INTO `visitors` (`type`, `id_articles`) VALUES (:type:, :id_articles:)', [...], false)
 5 SYSTEMPATH\Model.php(278): CodeIgniter\Database\BaseBuilder->insert()
 6 SYSTEMPATH\BaseModel.php(738): CodeIgniter\Model->doInsert([...])
 7 SYSTEMPATH\Model.php(666): CodeIgniter\BaseModel->insert([...], false)
 8 SYSTEMPATH\BaseModel.php(658): CodeIgniter\Model->insert([...], false)
 9 APPPATH\Controllers\Home.php(75): CodeIgniter\BaseModel->save([...])
10 SYSTEMPATH\CodeIgniter.php(896): App\Controllers\Home->detail('index.html')
11 SYSTEMPATH\CodeIgniter.php(466): CodeIgniter\CodeIgniter->runController(Object(App\Controllers\Home))
12 SYSTEMPATH\CodeIgniter.php(349): CodeIgniter\CodeIgniter->handleRequest(null, Object(Config\Cache), false)
13 FCPATH\index.php(55): CodeIgniter\CodeIgniter->run()
14 SYSTEMPATH\Commands\Server\rewrite.php(43): require_once('FCPATH\\index.php')
ERROR - 2022-12-02 05:45:05 --> Column 'id_articles' cannot be null
CRITICAL - 2022-12-02 05:45:05 --> Column 'id_articles' cannot be null
in SYSTEMPATH\Database\MySQLi\Connection.php on line 292.
 1 SYSTEMPATH\Database\MySQLi\Connection.php(292): mysqli->query('INSERT INTO `visitors` (`type`, `id_articles`) VALUES (2, NULL)', 0)
 2 SYSTEMPATH\Database\BaseConnection.php(695): CodeIgniter\Database\MySQLi\Connection->execute('INSERT INTO `visitors` (`type`, `id_articles`) VALUES (2, NULL)')
 3 SYSTEMPATH\Database\BaseConnection.php(609): CodeIgniter\Database\BaseConnection->simpleQuery('INSERT INTO `visitors` (`type`, `id_articles`) VALUES (2, NULL)')
 4 SYSTEMPATH\Database\BaseBuilder.php(1904): CodeIgniter\Database\BaseConnection->query('INSERT INTO `visitors` (`type`, `id_articles`) VALUES (:type:, :id_articles:)', [...], false)
 5 SYSTEMPATH\Model.php(278): CodeIgniter\Database\BaseBuilder->insert()
 6 SYSTEMPATH\BaseModel.php(738): CodeIgniter\Model->doInsert([...])
 7 SYSTEMPATH\Model.php(666): CodeIgniter\BaseModel->insert([...], false)
 8 SYSTEMPATH\BaseModel.php(658): CodeIgniter\Model->insert([...], false)
 9 APPPATH\Controllers\Home.php(75): CodeIgniter\BaseModel->save([...])
10 SYSTEMPATH\CodeIgniter.php(896): App\Controllers\Home->detail('index.html')
11 SYSTEMPATH\CodeIgniter.php(466): CodeIgniter\CodeIgniter->runController(Object(App\Controllers\Home))
12 SYSTEMPATH\CodeIgniter.php(349): CodeIgniter\CodeIgniter->handleRequest(null, Object(Config\Cache), false)
13 FCPATH\index.php(55): CodeIgniter\CodeIgniter->run()
14 SYSTEMPATH\Commands\Server\rewrite.php(43): require_once('FCPATH\\index.php')
ERROR - 2022-12-02 05:45:10 --> Column 'id_articles' cannot be null
CRITICAL - 2022-12-02 05:45:10 --> Column 'id_articles' cannot be null
in SYSTEMPATH\Database\MySQLi\Connection.php on line 292.
 1 SYSTEMPATH\Database\MySQLi\Connection.php(292): mysqli->query('INSERT INTO `visitors` (`type`, `id_articles`) VALUES (2, NULL)', 0)
 2 SYSTEMPATH\Database\BaseConnection.php(695): CodeIgniter\Database\MySQLi\Connection->execute('INSERT INTO `visitors` (`type`, `id_articles`) VALUES (2, NULL)')
 3 SYSTEMPATH\Database\BaseConnection.php(609): CodeIgniter\Database\BaseConnection->simpleQuery('INSERT INTO `visitors` (`type`, `id_articles`) VALUES (2, NULL)')
 4 SYSTEMPATH\Database\BaseBuilder.php(1904): CodeIgniter\Database\BaseConnection->query('INSERT INTO `visitors` (`type`, `id_articles`) VALUES (:type:, :id_articles:)', [...], false)
 5 SYSTEMPATH\Model.php(278): CodeIgniter\Database\BaseBuilder->insert()
 6 SYSTEMPATH\BaseModel.php(738): CodeIgniter\Model->doInsert([...])
 7 SYSTEMPATH\Model.php(666): CodeIgniter\BaseModel->insert([...], false)
 8 SYSTEMPATH\BaseModel.php(658): CodeIgniter\Model->insert([...], false)
 9 APPPATH\Controllers\Home.php(75): CodeIgniter\BaseModel->save([...])
10 SYSTEMPATH\CodeIgniter.php(896): App\Controllers\Home->detail('index.html')
11 SYSTEMPATH\CodeIgniter.php(466): CodeIgniter\CodeIgniter->runController(Object(App\Controllers\Home))
12 SYSTEMPATH\CodeIgniter.php(349): CodeIgniter\CodeIgniter->handleRequest(null, Object(Config\Cache), false)
13 FCPATH\index.php(55): CodeIgniter\CodeIgniter->run()
14 SYSTEMPATH\Commands\Server\rewrite.php(43): require_once('FCPATH\\index.php')
