CRITICAL - 2023-01-20 17:07:12 --> Trying to access array offset on value of type null
in APPPATH\Views\article-detail.php on line 87.
 1 APPPATH\Views\article-detail.php(87): CodeIgniter\Debug\Exceptions->errorHandler(8, 'Trying to access array offset on value of type null', 'APPPATH\\Views\\article-detail.php', 87, [...])
 2 SYSTEMPATH\View\View.php(213): include('APPPATH\\Views\\article-detail.php')
 3 SYSTEMPATH\View\View.php(216): CodeIgniter\View\View->CodeIgniter\View\{closure}()
 4 SYSTEMPATH\Common.php(1135): CodeIgniter\View\View->render('article-detail', [], true)
 5 APPPATH\Controllers\Home.php(82): view('article-detail', [...])
 6 SYSTEMPATH\CodeIgniter.php(896): App\Controllers\Home->detail('rxpo-prodly')
 7 SYSTEMPATH\CodeIgniter.php(466): CodeIgniter\CodeIgniter->runController(Object(App\Controllers\Home))
 8 SYSTEMPATH\CodeIgniter.php(349): CodeIgniter\CodeIgniter->handleRequest(null, Object(Config\Cache), false)
 9 FCPATH\index.php(55): CodeIgniter\CodeIgniter->run()
10 SYSTEMPATH\Commands\Server\rewrite.php(43): require_once('FCPATH\\index.php')
CRITICAL - 2023-01-20 17:07:27 --> Trying to access array offset on value of type null
in APPPATH\Views\article-detail.php on line 87.
 1 APPPATH\Views\article-detail.php(87): CodeIgniter\Debug\Exceptions->errorHandler(8, 'Trying to access array offset on value of type null', 'APPPATH\\Views\\article-detail.php', 87, [...])
 2 SYSTEMPATH\View\View.php(213): include('APPPATH\\Views\\article-detail.php')
 3 SYSTEMPATH\View\View.php(216): CodeIgniter\View\View->CodeIgniter\View\{closure}()
 4 SYSTEMPATH\Common.php(1135): CodeIgniter\View\View->render('article-detail', [], true)
 5 APPPATH\Controllers\Home.php(82): view('article-detail', [...])
 6 SYSTEMPATH\CodeIgniter.php(896): App\Controllers\Home->detail('lomba-futsal-esgul-cup')
 7 SYSTEMPATH\CodeIgniter.php(466): CodeIgniter\CodeIgniter->runController(Object(App\Controllers\Home))
 8 SYSTEMPATH\CodeIgniter.php(349): CodeIgniter\CodeIgniter->handleRequest(null, Object(Config\Cache), false)
 9 FCPATH\index.php(55): CodeIgniter\CodeIgniter->run()
10 SYSTEMPATH\Commands\Server\rewrite.php(43): require_once('FCPATH\\index.php')
CRITICAL - 2023-01-20 17:07:49 --> Trying to access array offset on value of type null
in APPPATH\Views\article-detail.php on line 87.
 1 APPPATH\Views\article-detail.php(87): CodeIgniter\Debug\Exceptions->errorHandler(8, 'Trying to access array offset on value of type null', 'APPPATH\\Views\\article-detail.php', 87, [...])
 2 SYSTEMPATH\View\View.php(213): include('APPPATH\\Views\\article-detail.php')
 3 SYSTEMPATH\View\View.php(216): CodeIgniter\View\View->CodeIgniter\View\{closure}()
 4 SYSTEMPATH\Common.php(1135): CodeIgniter\View\View->render('article-detail', [], true)
 5 APPPATH\Controllers\Home.php(82): view('article-detail', [...])
 6 SYSTEMPATH\CodeIgniter.php(896): App\Controllers\Home->detail('polinela-mengaji')
 7 SYSTEMPATH\CodeIgniter.php(466): CodeIgniter\CodeIgniter->runController(Object(App\Controllers\Home))
 8 SYSTEMPATH\CodeIgniter.php(349): CodeIgniter\CodeIgniter->handleRequest(null, Object(Config\Cache), false)
 9 FCPATH\index.php(55): CodeIgniter\CodeIgniter->run()
10 SYSTEMPATH\Commands\Server\rewrite.php(43): require_once('FCPATH\\index.php')
CRITICAL - 2023-01-20 17:11:37 --> Trying to access array offset on value of type null
in APPPATH\Views\article-detail.php on line 87.
 1 APPPATH\Views\article-detail.php(87): CodeIgniter\Debug\Exceptions->errorHandler(8, 'Trying to access array offset on value of type null', 'APPPATH\\Views\\article-detail.php', 87, [...])
 2 SYSTEMPATH\View\View.php(213): include('APPPATH\\Views\\article-detail.php')
 3 SYSTEMPATH\View\View.php(216): CodeIgniter\View\View->CodeIgniter\View\{closure}()
 4 SYSTEMPATH\Common.php(1135): CodeIgniter\View\View->render('article-detail', [], true)
 5 APPPATH\Controllers\Home.php(82): view('article-detail', [...])
 6 SYSTEMPATH\CodeIgniter.php(896): App\Controllers\Home->detail('polinela-mengaji')
 7 SYSTEMPATH\CodeIgniter.php(466): CodeIgniter\CodeIgniter->runController(Object(App\Controllers\Home))
 8 SYSTEMPATH\CodeIgniter.php(349): CodeIgniter\CodeIgniter->handleRequest(null, Object(Config\Cache), false)
 9 FCPATH\index.php(55): CodeIgniter\CodeIgniter->run()
10 SYSTEMPATH\Commands\Server\rewrite.php(43): require_once('FCPATH\\index.php')
CRITICAL - 2023-01-20 17:16:26 --> Trying to access array offset on value of type null
in APPPATH\Views\article-detail.php on line 87.
 1 APPPATH\Views\article-detail.php(87): CodeIgniter\Debug\Exceptions->errorHandler(8, 'Trying to access array offset on value of type null', 'APPPATH\\Views\\article-detail.php', 87, [...])
 2 SYSTEMPATH\View\View.php(213): include('APPPATH\\Views\\article-detail.php')
 3 SYSTEMPATH\View\View.php(216): CodeIgniter\View\View->CodeIgniter\View\{closure}()
 4 SYSTEMPATH\Common.php(1135): CodeIgniter\View\View->render('article-detail', [], true)
 5 APPPATH\Controllers\Home.php(82): view('article-detail', [...])
 6 SYSTEMPATH\CodeIgniter.php(896): App\Controllers\Home->detail('rxpo-prodly')
 7 SYSTEMPATH\CodeIgniter.php(466): CodeIgniter\CodeIgniter->runController(Object(App\Controllers\Home))
 8 SYSTEMPATH\CodeIgniter.php(349): CodeIgniter\CodeIgniter->handleRequest(null, Object(Config\Cache), false)
 9 FCPATH\index.php(55): CodeIgniter\CodeIgniter->run()
10 SYSTEMPATH\Commands\Server\rewrite.php(43): require_once('FCPATH\\index.php')
CRITICAL - 2023-01-20 17:19:22 --> Trying to access array offset on value of type null
in APPPATH\Views\article-detail.php on line 87.
 1 APPPATH\Views\article-detail.php(87): CodeIgniter\Debug\Exceptions->errorHandler(8, 'Trying to access array offset on value of type null', 'APPPATH\\Views\\article-detail.php', 87, [...])
 2 SYSTEMPATH\View\View.php(213): include('APPPATH\\Views\\article-detail.php')
 3 SYSTEMPATH\View\View.php(216): CodeIgniter\View\View->CodeIgniter\View\{closure}()
 4 SYSTEMPATH\Common.php(1135): CodeIgniter\View\View->render('article-detail', [], true)
 5 APPPATH\Controllers\Home.php(82): view('article-detail', [...])
 6 SYSTEMPATH\CodeIgniter.php(896): App\Controllers\Home->detail('universary-ukm-bs')
 7 SYSTEMPATH\CodeIgniter.php(466): CodeIgniter\CodeIgniter->runController(Object(App\Controllers\Home))
 8 SYSTEMPATH\CodeIgniter.php(349): CodeIgniter\CodeIgniter->handleRequest(null, Object(Config\Cache), false)
 9 FCPATH\index.php(55): CodeIgniter\CodeIgniter->run()
10 SYSTEMPATH\Commands\Server\rewrite.php(43): require_once('FCPATH\\index.php')
CRITICAL - 2023-01-20 17:21:13 --> Trying to access array offset on value of type null
in APPPATH\Views\article-detail.php on line 87.
 1 APPPATH\Views\article-detail.php(87): CodeIgniter\Debug\Exceptions->errorHandler(8, 'Trying to access array offset on value of type null', 'APPPATH\\Views\\article-detail.php', 87, [...])
 2 SYSTEMPATH\View\View.php(213): include('APPPATH\\Views\\article-detail.php')
 3 SYSTEMPATH\View\View.php(216): CodeIgniter\View\View->CodeIgniter\View\{closure}()
 4 SYSTEMPATH\Common.php(1135): CodeIgniter\View\View->render('article-detail', [], true)
 5 APPPATH\Controllers\Home.php(82): view('article-detail', [...])
 6 SYSTEMPATH\CodeIgniter.php(896): App\Controllers\Home->detail('liga-mahasiswa-polinela')
 7 SYSTEMPATH\CodeIgniter.php(466): CodeIgniter\CodeIgniter->runController(Object(App\Controllers\Home))
 8 SYSTEMPATH\CodeIgniter.php(349): CodeIgniter\CodeIgniter->handleRequest(null, Object(Config\Cache), false)
 9 FCPATH\index.php(55): CodeIgniter\CodeIgniter->run()
10 SYSTEMPATH\Commands\Server\rewrite.php(43): require_once('FCPATH\\index.php')
CRITICAL - 2023-01-20 17:22:06 --> Trying to access array offset on value of type null
in APPPATH\Views\article-detail.php on line 87.
 1 APPPATH\Views\article-detail.php(87): CodeIgniter\Debug\Exceptions->errorHandler(8, 'Trying to access array offset on value of type null', 'APPPATH\\Views\\article-detail.php', 87, [...])
 2 SYSTEMPATH\View\View.php(213): include('APPPATH\\Views\\article-detail.php')
 3 SYSTEMPATH\View\View.php(216): CodeIgniter\View\View->CodeIgniter\View\{closure}()
 4 SYSTEMPATH\Common.php(1135): CodeIgniter\View\View->render('article-detail', [], true)
 5 APPPATH\Controllers\Home.php(82): view('article-detail', [...])
 6 SYSTEMPATH\CodeIgniter.php(896): App\Controllers\Home->detail('liga-mahasiswa-polinela')
 7 SYSTEMPATH\CodeIgniter.php(466): CodeIgniter\CodeIgniter->runController(Object(App\Controllers\Home))
 8 SYSTEMPATH\CodeIgniter.php(349): CodeIgniter\CodeIgniter->handleRequest(null, Object(Config\Cache), false)
 9 FCPATH\index.php(55): CodeIgniter\CodeIgniter->run()
10 SYSTEMPATH\Commands\Server\rewrite.php(43): require_once('FCPATH\\index.php')
CRITICAL - 2023-01-20 17:22:07 --> Trying to access array offset on value of type null
in APPPATH\Views\article-detail.php on line 87.
 1 APPPATH\Views\article-detail.php(87): CodeIgniter\Debug\Exceptions->errorHandler(8, 'Trying to access array offset on value of type null', 'APPPATH\\Views\\article-detail.php', 87, [...])
 2 SYSTEMPATH\View\View.php(213): include('APPPATH\\Views\\article-detail.php')
 3 SYSTEMPATH\View\View.php(216): CodeIgniter\View\View->CodeIgniter\View\{closure}()
 4 SYSTEMPATH\Common.php(1135): CodeIgniter\View\View->render('article-detail', [], true)
 5 APPPATH\Controllers\Home.php(82): view('article-detail', [...])
 6 SYSTEMPATH\CodeIgniter.php(896): App\Controllers\Home->detail('liga-mahasiswa-polinela')
 7 SYSTEMPATH\CodeIgniter.php(466): CodeIgniter\CodeIgniter->runController(Object(App\Controllers\Home))
 8 SYSTEMPATH\CodeIgniter.php(349): CodeIgniter\CodeIgniter->handleRequest(null, Object(Config\Cache), false)
 9 FCPATH\index.php(55): CodeIgniter\CodeIgniter->run()
10 SYSTEMPATH\Commands\Server\rewrite.php(43): require_once('FCPATH\\index.php')
CRITICAL - 2023-01-20 17:23:28 --> Trying to access array offset on value of type null
in APPPATH\Views\article-detail.php on line 87.
 1 APPPATH\Views\article-detail.php(87): CodeIgniter\Debug\Exceptions->errorHandler(8, 'Trying to access array offset on value of type null', 'APPPATH\\Views\\article-detail.php', 87, [...])
 2 SYSTEMPATH\View\View.php(213): include('APPPATH\\Views\\article-detail.php')
 3 SYSTEMPATH\View\View.php(216): CodeIgniter\View\View->CodeIgniter\View\{closure}()
 4 SYSTEMPATH\Common.php(1135): CodeIgniter\View\View->render('article-detail', [], true)
 5 APPPATH\Controllers\Home.php(82): view('article-detail', [...])
 6 SYSTEMPATH\CodeIgniter.php(896): App\Controllers\Home->detail('liga-mahasiswa-polinela')
 7 SYSTEMPATH\CodeIgniter.php(466): CodeIgniter\CodeIgniter->runController(Object(App\Controllers\Home))
 8 SYSTEMPATH\CodeIgniter.php(349): CodeIgniter\CodeIgniter->handleRequest(null, Object(Config\Cache), false)
 9 FCPATH\index.php(55): CodeIgniter\CodeIgniter->run()
10 SYSTEMPATH\Commands\Server\rewrite.php(43): require_once('FCPATH\\index.php')
CRITICAL - 2023-01-20 17:23:59 --> Trying to access array offset on value of type null
in APPPATH\Views\article-detail.php on line 89.
 1 APPPATH\Views\article-detail.php(89): CodeIgniter\Debug\Exceptions->errorHandler(8, 'Trying to access array offset on value of type null', 'APPPATH\\Views\\article-detail.php', 89, [...])
 2 SYSTEMPATH\View\View.php(213): include('APPPATH\\Views\\article-detail.php')
 3 SYSTEMPATH\View\View.php(216): CodeIgniter\View\View->CodeIgniter\View\{closure}()
 4 SYSTEMPATH\Common.php(1135): CodeIgniter\View\View->render('article-detail', [], true)
 5 APPPATH\Controllers\Home.php(82): view('article-detail', [...])
 6 SYSTEMPATH\CodeIgniter.php(896): App\Controllers\Home->detail('liga-mahasiswa-polinela')
 7 SYSTEMPATH\CodeIgniter.php(466): CodeIgniter\CodeIgniter->runController(Object(App\Controllers\Home))
 8 SYSTEMPATH\CodeIgniter.php(349): CodeIgniter\CodeIgniter->handleRequest(null, Object(Config\Cache), false)
 9 FCPATH\index.php(55): CodeIgniter\CodeIgniter->run()
10 SYSTEMPATH\Commands\Server\rewrite.php(43): require_once('FCPATH\\index.php')
CRITICAL - 2023-01-20 17:27:55 --> Undefined variable: article
in APPPATH\Views\article-detail.php on line 87.
 1 APPPATH\Views\article-detail.php(87): CodeIgniter\Debug\Exceptions->errorHandler(8, 'Undefined variable: article', 'APPPATH\\Views\\article-detail.php', 87, [...])
 2 SYSTEMPATH\View\View.php(213): include('APPPATH\\Views\\article-detail.php')
 3 SYSTEMPATH\View\View.php(216): CodeIgniter\View\View->CodeIgniter\View\{closure}()
 4 SYSTEMPATH\Common.php(1135): CodeIgniter\View\View->render('article-detail', [], true)
 5 APPPATH\Controllers\Home.php(82): view('article-detail', [...])
 6 SYSTEMPATH\CodeIgniter.php(896): App\Controllers\Home->detail('liga-mahasiswa-polinela')
 7 SYSTEMPATH\CodeIgniter.php(466): CodeIgniter\CodeIgniter->runController(Object(App\Controllers\Home))
 8 SYSTEMPATH\CodeIgniter.php(349): CodeIgniter\CodeIgniter->handleRequest(null, Object(Config\Cache), false)
 9 FCPATH\index.php(55): CodeIgniter\CodeIgniter->run()
10 SYSTEMPATH\Commands\Server\rewrite.php(43): require_once('FCPATH\\index.php')
CRITICAL - 2023-01-20 17:32:35 --> Trying to access array offset on value of type null
in APPPATH\Views\article-detail.php on line 87.
 1 APPPATH\Views\article-detail.php(87): CodeIgniter\Debug\Exceptions->errorHandler(8, 'Trying to access array offset on value of type null', 'APPPATH\\Views\\article-detail.php', 87, [...])
 2 SYSTEMPATH\View\View.php(213): include('APPPATH\\Views\\article-detail.php')
 3 SYSTEMPATH\View\View.php(216): CodeIgniter\View\View->CodeIgniter\View\{closure}()
 4 SYSTEMPATH\Common.php(1135): CodeIgniter\View\View->render('article-detail', [], true)
 5 APPPATH\Controllers\Home.php(82): view('article-detail', [...])
 6 SYSTEMPATH\CodeIgniter.php(896): App\Controllers\Home->detail('malam-ukhuwah')
 7 SYSTEMPATH\CodeIgniter.php(466): CodeIgniter\CodeIgniter->runController(Object(App\Controllers\Home))
 8 SYSTEMPATH\CodeIgniter.php(349): CodeIgniter\CodeIgniter->handleRequest(null, Object(Config\Cache), false)
 9 FCPATH\index.php(55): CodeIgniter\CodeIgniter->run()
10 SYSTEMPATH\Commands\Server\rewrite.php(43): require_once('FCPATH\\index.php')
CRITICAL - 2023-01-20 17:37:43 --> Trying to access array offset on value of type null
in APPPATH\Views\article-detail.php on line 87.
 1 APPPATH\Views\article-detail.php(87): CodeIgniter\Debug\Exceptions->errorHandler(8, 'Trying to access array offset on value of type null', 'APPPATH\\Views\\article-detail.php', 87, [...])
 2 SYSTEMPATH\View\View.php(213): include('APPPATH\\Views\\article-detail.php')
 3 SYSTEMPATH\View\View.php(216): CodeIgniter\View\View->CodeIgniter\View\{closure}()
 4 SYSTEMPATH\Common.php(1135): CodeIgniter\View\View->render('article-detail', [], true)
 5 APPPATH\Controllers\Home.php(82): view('article-detail', [...])
 6 SYSTEMPATH\CodeIgniter.php(896): App\Controllers\Home->detail('polinela-mengaji')
 7 SYSTEMPATH\CodeIgniter.php(466): CodeIgniter\CodeIgniter->runController(Object(App\Controllers\Home))
 8 SYSTEMPATH\CodeIgniter.php(349): CodeIgniter\CodeIgniter->handleRequest(null, Object(Config\Cache), false)
 9 FCPATH\index.php(55): CodeIgniter\CodeIgniter->run()
10 SYSTEMPATH\Commands\Server\rewrite.php(43): require_once('FCPATH\\index.php')
CRITICAL - 2023-01-20 17:58:15 --> Trying to access array offset on value of type null
in APPPATH\Views\article-detail.php on line 87.
 1 APPPATH\Views\article-detail.php(87): CodeIgniter\Debug\Exceptions->errorHandler(8, 'Trying to access array offset on value of type null', 'APPPATH\\Views\\article-detail.php', 87, [...])
 2 SYSTEMPATH\View\View.php(213): include('APPPATH\\Views\\article-detail.php')
 3 SYSTEMPATH\View\View.php(216): CodeIgniter\View\View->CodeIgniter\View\{closure}()
 4 SYSTEMPATH\Common.php(1135): CodeIgniter\View\View->render('article-detail', [], true)
 5 APPPATH\Controllers\Home.php(82): view('article-detail', [...])
 6 SYSTEMPATH\CodeIgniter.php(896): App\Controllers\Home->detail('polinela-mengaji')
 7 SYSTEMPATH\CodeIgniter.php(466): CodeIgniter\CodeIgniter->runController(Object(App\Controllers\Home))
 8 SYSTEMPATH\CodeIgniter.php(349): CodeIgniter\CodeIgniter->handleRequest(null, Object(Config\Cache), false)
 9 FCPATH\index.php(55): CodeIgniter\CodeIgniter->run()
10 SYSTEMPATH\Commands\Server\rewrite.php(43): require_once('FCPATH\\index.php')
