ERROR - 2022-12-09 05:44:10 --> Error connecting to the database: No connection could be made because the target machine actively refused it.

CRITICAL - 2022-12-09 05:44:10 --> Unable to connect to the database.
Main connection [MySQLi]: No connection could be made because the target machine actively refused it.

in SYSTEMPATH\Database\BaseConnection.php on line 416.
 1 SYSTEMPATH\Database\BaseConnection.php(586): CodeIgniter\Database\BaseConnection->initialize()
 2 SYSTEMPATH\Database\BaseBuilder.php(1904): CodeIgniter\Database\BaseConnection->query('INSERT INTO `visitors` (`type`, `id_articles`) VALUES (:type:, :id_articles:)', [...], false)
 3 SYSTEMPATH\Model.php(278): CodeIgniter\Database\BaseBuilder->insert()
 4 SYSTEMPATH\BaseModel.php(738): CodeIgniter\Model->doInsert([...])
 5 SYSTEMPATH\Model.php(666): CodeIgniter\BaseModel->insert([...], false)
 6 SYSTEMPATH\BaseModel.php(658): CodeIgniter\Model->insert([...], false)
 7 APPPATH\Controllers\Home.php(17): CodeIgniter\BaseModel->save([...])
 8 SYSTEMPATH\CodeIgniter.php(896): App\Controllers\Home->index()
 9 SYSTEMPATH\CodeIgniter.php(466): CodeIgniter\CodeIgniter->runController(Object(App\Controllers\Home))
10 SYSTEMPATH\CodeIgniter.php(349): CodeIgniter\CodeIgniter->handleRequest(null, Object(Config\Cache), false)
11 FCPATH\index.php(55): CodeIgniter\CodeIgniter->run()
12 SYSTEMPATH\Commands\Server\rewrite.php(43): require_once('FCPATH\\index.php')
CRITICAL - 2022-12-09 07:04:27 --> unlink(img/1670591005_9d1e5d5616d0228b1f01.png): No such file or directory
in APPPATH\Controllers\Community.php on line 55.
 1 [internal function]: CodeIgniter\Debug\Exceptions->errorHandler(2, 'unlink(img/1670591005_9d1e5d5616d0228b1f01.png): No such file or directory', 'APPPATH\\Controllers\\Community.php', 55, [...])
 2 APPPATH\Controllers\Community.php(55): unlink('img/1670591005_9d1e5d5616d0228b1f01.png')
 3 SYSTEMPATH\CodeIgniter.php(896): App\Controllers\Community->delete()
 4 SYSTEMPATH\CodeIgniter.php(466): CodeIgniter\CodeIgniter->runController(Object(App\Controllers\Community))
 5 SYSTEMPATH\CodeIgniter.php(349): CodeIgniter\CodeIgniter->handleRequest(null, Object(Config\Cache), false)
 6 FCPATH\index.php(55): CodeIgniter\CodeIgniter->run()
 7 SYSTEMPATH\Commands\Server\rewrite.php(43): require_once('FCPATH\\index.php')
