CRITICAL - 2022-11-30 08:21:07 --> Call to undefined function CodeIgniter\locale_set_default()
in SYSTEMPATH\CodeIgniter.php on line 193.
 1 ROOTPATH\spark(71): CodeIgniter\CodeIgniter->initialize()
CRITICAL - 2022-11-30 08:38:52 --> Call to undefined function CodeIgniter\locale_set_default()
in SYSTEMPATH\CodeIgniter.php on line 193.
 1 ROOTPATH\spark(71): CodeIgniter\CodeIgniter->initialize()
CRITICAL - 2022-11-30 08:46:52 --> Call to undefined function CodeIgniter\locale_set_default()
in SYSTEMPATH\CodeIgniter.php on line 193.
 1 ROOTPATH\spark(71): CodeIgniter\CodeIgniter->initialize()
CRITICAL - 2022-11-30 08:50:29 --> Call to undefined function CodeIgniter\locale_set_default()
in SYSTEMPATH\CodeIgniter.php on line 193.
 1 ROOTPATH\spark(71): CodeIgniter\CodeIgniter->initialize()
CRITICAL - 2022-11-30 08:56:47 --> Call to undefined function CodeIgniter\locale_set_default()
in SYSTEMPATH\CodeIgniter.php on line 193.
 1 FCPATH\index.php(43): CodeIgniter\CodeIgniter->initialize()
CRITICAL - 2022-11-30 02:01:32 --> Undefined index: slug
in APPPATH\Views\home.php on line 121.
 1 APPPATH\Views\home.php(121): CodeIgniter\Debug\Exceptions->errorHandler(8, 'Undefined index: slug', 'APPPATH\\Views\\home.php', 121, [...])
 2 SYSTEMPATH\View\View.php(213): include('APPPATH\\Views\\home.php')
 3 SYSTEMPATH\View\View.php(216): CodeIgniter\View\View->CodeIgniter\View\{closure}()
 4 SYSTEMPATH\Common.php(1135): CodeIgniter\View\View->render('home', [], true)
 5 APPPATH\Controllers\Home.php(36): view('home', [...])
 6 SYSTEMPATH\CodeIgniter.php(896): App\Controllers\Home->index()
 7 SYSTEMPATH\CodeIgniter.php(466): CodeIgniter\CodeIgniter->runController(Object(App\Controllers\Home))
 8 SYSTEMPATH\CodeIgniter.php(349): CodeIgniter\CodeIgniter->handleRequest(null, Object(Config\Cache), false)
 9 FCPATH\index.php(55): CodeIgniter\CodeIgniter->run()
CRITICAL - 2022-11-30 02:02:25 --> Undefined index: slug
in APPPATH\Views\home.php on line 121.
 1 APPPATH\Views\home.php(121): CodeIgniter\Debug\Exceptions->errorHandler(8, 'Undefined index: slug', 'APPPATH\\Views\\home.php', 121, [...])
 2 SYSTEMPATH\View\View.php(213): include('APPPATH\\Views\\home.php')
 3 SYSTEMPATH\View\View.php(216): CodeIgniter\View\View->CodeIgniter\View\{closure}()
 4 SYSTEMPATH\Common.php(1135): CodeIgniter\View\View->render('home', [], true)
 5 APPPATH\Controllers\Home.php(36): view('home', [...])
 6 SYSTEMPATH\CodeIgniter.php(896): App\Controllers\Home->index()
 7 SYSTEMPATH\CodeIgniter.php(466): CodeIgniter\CodeIgniter->runController(Object(App\Controllers\Home))
 8 SYSTEMPATH\CodeIgniter.php(349): CodeIgniter\CodeIgniter->handleRequest(null, Object(Config\Cache), false)
 9 FCPATH\index.php(55): CodeIgniter\CodeIgniter->run()
10 SYSTEMPATH\Commands\Server\rewrite.php(43): require_once('FCPATH\\index.php')
CRITICAL - 2022-11-30 02:03:30 --> Undefined index: slug
in APPPATH\Views\home.php on line 121.
 1 APPPATH\Views\home.php(121): CodeIgniter\Debug\Exceptions->errorHandler(8, 'Undefined index: slug', 'APPPATH\\Views\\home.php', 121, [...])
 2 SYSTEMPATH\View\View.php(213): include('APPPATH\\Views\\home.php')
 3 SYSTEMPATH\View\View.php(216): CodeIgniter\View\View->CodeIgniter\View\{closure}()
 4 SYSTEMPATH\Common.php(1135): CodeIgniter\View\View->render('home', [], true)
 5 APPPATH\Controllers\Home.php(36): view('home', [...])
 6 SYSTEMPATH\CodeIgniter.php(896): App\Controllers\Home->index()
 7 SYSTEMPATH\CodeIgniter.php(466): CodeIgniter\CodeIgniter->runController(Object(App\Controllers\Home))
 8 SYSTEMPATH\CodeIgniter.php(349): CodeIgniter\CodeIgniter->handleRequest(null, Object(Config\Cache), false)
 9 FCPATH\index.php(55): CodeIgniter\CodeIgniter->run()
10 SYSTEMPATH\Commands\Server\rewrite.php(43): require_once('FCPATH\\index.php')
