CRITICAL - 2022-12-03 21:25:28 --> Undefined variable: categories
in APPPATH\Views\article.php on line 102.
 1 APPPATH\Views\article.php(102): CodeIgniter\Debug\Exceptions->errorHandler(8, 'Undefined variable: categories', 'APPPATH\\Views\\article.php', 102, [...])
 2 SYSTEMPATH\View\View.php(213): include('APPPATH\\Views\\article.php')
 3 SYSTEMPATH\View\View.php(216): CodeIgniter\View\View->CodeIgniter\View\{closure}()
 4 SYSTEMPATH\Common.php(1135): CodeIgniter\View\View->render('article', [], true)
 5 APPPATH\Controllers\Home.php(59): view('article', [...])
 6 SYSTEMPATH\CodeIgniter.php(896): App\Controllers\Home->article()
 7 SYSTEMPATH\CodeIgniter.php(466): CodeIgniter\CodeIgniter->runController(Object(App\Controllers\Home))
 8 SYSTEMPATH\CodeIgniter.php(349): CodeIgniter\CodeIgniter->handleRequest(null, Object(Config\Cache), false)
 9 FCPATH\index.php(55): CodeIgniter\CodeIgniter->run()
10 SYSTEMPATH\Commands\Server\rewrite.php(43): require_once('FCPATH\\index.php')
CRITICAL - 2022-12-03 21:25:30 --> Undefined variable: categories
in APPPATH\Views\article.php on line 102.
 1 APPPATH\Views\article.php(102): CodeIgniter\Debug\Exceptions->errorHandler(8, 'Undefined variable: categories', 'APPPATH\\Views\\article.php', 102, [...])
 2 SYSTEMPATH\View\View.php(213): include('APPPATH\\Views\\article.php')
 3 SYSTEMPATH\View\View.php(216): CodeIgniter\View\View->CodeIgniter\View\{closure}()
 4 SYSTEMPATH\Common.php(1135): CodeIgniter\View\View->render('article', [], true)
 5 APPPATH\Controllers\Home.php(59): view('article', [...])
 6 SYSTEMPATH\CodeIgniter.php(896): App\Controllers\Home->article()
 7 SYSTEMPATH\CodeIgniter.php(466): CodeIgniter\CodeIgniter->runController(Object(App\Controllers\Home))
 8 SYSTEMPATH\CodeIgniter.php(349): CodeIgniter\CodeIgniter->handleRequest(null, Object(Config\Cache), false)
 9 FCPATH\index.php(55): CodeIgniter\CodeIgniter->run()
10 SYSTEMPATH\Commands\Server\rewrite.php(43): require_once('FCPATH\\index.php')
CRITICAL - 2022-12-03 21:25:45 --> Undefined variable: categories
in APPPATH\Views\article.php on line 102.
 1 APPPATH\Views\article.php(102): CodeIgniter\Debug\Exceptions->errorHandler(8, 'Undefined variable: categories', 'APPPATH\\Views\\article.php', 102, [...])
 2 SYSTEMPATH\View\View.php(213): include('APPPATH\\Views\\article.php')
 3 SYSTEMPATH\View\View.php(216): CodeIgniter\View\View->CodeIgniter\View\{closure}()
 4 SYSTEMPATH\Common.php(1135): CodeIgniter\View\View->render('article', [], true)
 5 APPPATH\Controllers\Home.php(59): view('article', [...])
 6 SYSTEMPATH\CodeIgniter.php(896): App\Controllers\Home->article()
 7 SYSTEMPATH\CodeIgniter.php(466): CodeIgniter\CodeIgniter->runController(Object(App\Controllers\Home))
 8 SYSTEMPATH\CodeIgniter.php(349): CodeIgniter\CodeIgniter->handleRequest(null, Object(Config\Cache), false)
 9 FCPATH\index.php(55): CodeIgniter\CodeIgniter->run()
10 SYSTEMPATH\Commands\Server\rewrite.php(43): require_once('FCPATH\\index.php')
CRITICAL - 2022-12-03 21:25:46 --> Undefined variable: categories
in APPPATH\Views\article.php on line 102.
 1 APPPATH\Views\article.php(102): CodeIgniter\Debug\Exceptions->errorHandler(8, 'Undefined variable: categories', 'APPPATH\\Views\\article.php', 102, [...])
 2 SYSTEMPATH\View\View.php(213): include('APPPATH\\Views\\article.php')
 3 SYSTEMPATH\View\View.php(216): CodeIgniter\View\View->CodeIgniter\View\{closure}()
 4 SYSTEMPATH\Common.php(1135): CodeIgniter\View\View->render('article', [], true)
 5 APPPATH\Controllers\Home.php(59): view('article', [...])
 6 SYSTEMPATH\CodeIgniter.php(896): App\Controllers\Home->article()
 7 SYSTEMPATH\CodeIgniter.php(466): CodeIgniter\CodeIgniter->runController(Object(App\Controllers\Home))
 8 SYSTEMPATH\CodeIgniter.php(349): CodeIgniter\CodeIgniter->handleRequest(null, Object(Config\Cache), false)
 9 FCPATH\index.php(55): CodeIgniter\CodeIgniter->run()
10 SYSTEMPATH\Commands\Server\rewrite.php(43): require_once('FCPATH\\index.php')
CRITICAL - 2022-12-03 21:25:54 --> Undefined variable: categorie
in APPPATH\Views\article.php on line 102.
 1 APPPATH\Views\article.php(102): CodeIgniter\Debug\Exceptions->errorHandler(8, 'Undefined variable: categorie', 'APPPATH\\Views\\article.php', 102, [...])
 2 SYSTEMPATH\View\View.php(213): include('APPPATH\\Views\\article.php')
 3 SYSTEMPATH\View\View.php(216): CodeIgniter\View\View->CodeIgniter\View\{closure}()
 4 SYSTEMPATH\Common.php(1135): CodeIgniter\View\View->render('article', [], true)
 5 APPPATH\Controllers\Home.php(59): view('article', [...])
 6 SYSTEMPATH\CodeIgniter.php(896): App\Controllers\Home->article()
 7 SYSTEMPATH\CodeIgniter.php(466): CodeIgniter\CodeIgniter->runController(Object(App\Controllers\Home))
 8 SYSTEMPATH\CodeIgniter.php(349): CodeIgniter\CodeIgniter->handleRequest(null, Object(Config\Cache), false)
 9 FCPATH\index.php(55): CodeIgniter\CodeIgniter->run()
10 SYSTEMPATH\Commands\Server\rewrite.php(43): require_once('FCPATH\\index.php')
CRITICAL - 2022-12-03 21:27:14 --> Undefined variable: categorie
in APPPATH\Views\article.php on line 102.
 1 APPPATH\Views\article.php(102): CodeIgniter\Debug\Exceptions->errorHandler(8, 'Undefined variable: categorie', 'APPPATH\\Views\\article.php', 102, [...])
 2 SYSTEMPATH\View\View.php(213): include('APPPATH\\Views\\article.php')
 3 SYSTEMPATH\View\View.php(216): CodeIgniter\View\View->CodeIgniter\View\{closure}()
 4 SYSTEMPATH\Common.php(1135): CodeIgniter\View\View->render('article', [], true)
 5 APPPATH\Controllers\Home.php(59): view('article', [...])
 6 SYSTEMPATH\CodeIgniter.php(896): App\Controllers\Home->article()
 7 SYSTEMPATH\CodeIgniter.php(466): CodeIgniter\CodeIgniter->runController(Object(App\Controllers\Home))
 8 SYSTEMPATH\CodeIgniter.php(349): CodeIgniter\CodeIgniter->handleRequest(null, Object(Config\Cache), false)
 9 FCPATH\index.php(55): CodeIgniter\CodeIgniter->run()
10 SYSTEMPATH\Commands\Server\rewrite.php(43): require_once('FCPATH\\index.php')
CRITICAL - 2022-12-03 21:30:58 --> Undefined variable: categories
in APPPATH\Views\article.php on line 89.
 1 APPPATH\Views\article.php(89): CodeIgniter\Debug\Exceptions->errorHandler(8, 'Undefined variable: categories', 'APPPATH\\Views\\article.php', 89, [...])
 2 SYSTEMPATH\View\View.php(213): include('APPPATH\\Views\\article.php')
 3 SYSTEMPATH\View\View.php(216): CodeIgniter\View\View->CodeIgniter\View\{closure}()
 4 SYSTEMPATH\Common.php(1135): CodeIgniter\View\View->render('article', [], true)
 5 APPPATH\Controllers\Home.php(59): view('article', [...])
 6 SYSTEMPATH\CodeIgniter.php(896): App\Controllers\Home->article()
 7 SYSTEMPATH\CodeIgniter.php(466): CodeIgniter\CodeIgniter->runController(Object(App\Controllers\Home))
 8 SYSTEMPATH\CodeIgniter.php(349): CodeIgniter\CodeIgniter->handleRequest(null, Object(Config\Cache), false)
 9 FCPATH\index.php(55): CodeIgniter\CodeIgniter->run()
10 SYSTEMPATH\Commands\Server\rewrite.php(43): require_once('FCPATH\\index.php')
CRITICAL - 2022-12-03 21:47:09 --> Undefined variable: categories
in APPPATH\Views\article.php on line 66.
 1 APPPATH\Views\article.php(66): CodeIgniter\Debug\Exceptions->errorHandler(8, 'Undefined variable: categories', 'APPPATH\\Views\\article.php', 66, [...])
 2 SYSTEMPATH\View\View.php(213): include('APPPATH\\Views\\article.php')
 3 SYSTEMPATH\View\View.php(216): CodeIgniter\View\View->CodeIgniter\View\{closure}()
 4 SYSTEMPATH\Common.php(1135): CodeIgniter\View\View->render('article', [], true)
 5 APPPATH\Controllers\Home.php(59): view('article', [...])
 6 SYSTEMPATH\CodeIgniter.php(896): App\Controllers\Home->article()
 7 SYSTEMPATH\CodeIgniter.php(466): CodeIgniter\CodeIgniter->runController(Object(App\Controllers\Home))
 8 SYSTEMPATH\CodeIgniter.php(349): CodeIgniter\CodeIgniter->handleRequest(null, Object(Config\Cache), false)
 9 FCPATH\index.php(55): CodeIgniter\CodeIgniter->run()
10 SYSTEMPATH\Commands\Server\rewrite.php(43): require_once('FCPATH\\index.php')
