CRITICAL - 2022-12-12 22:22:09 --> Trying to access array offset on value of type int
in APPPATH\Views\admin\home.php on line 39.
 1 APPPATH\Views\admin\home.php(39): CodeIgniter\Debug\Exceptions->errorHandler(8, 'Trying to access array offset on value of type int', 'APPPATH\\Views\\admin\\home.php', 39, [...])
 2 SYSTEMPATH\View\View.php(213): include('APPPATH\\Views\\admin\\home.php')
 3 SYSTEMPATH\View\View.php(216): CodeIgniter\View\View->CodeIgniter\View\{closure}()
 4 SYSTEMPATH\Common.php(1135): CodeIgniter\View\View->render('admin/home', [], true)
 5 APPPATH\Controllers\Admin.php(21): view('admin/home', [...])
 6 SYSTEMPATH\CodeIgniter.php(896): App\Controllers\Admin->index()
 7 SYSTEMPATH\CodeIgniter.php(466): CodeIgniter\CodeIgniter->runController(Object(App\Controllers\Admin))
 8 SYSTEMPATH\CodeIgniter.php(349): CodeIgniter\CodeIgniter->handleRequest(null, Object(Config\Cache), false)
 9 FCPATH\index.php(55): CodeIgniter\CodeIgniter->run()
10 SYSTEMPATH\Commands\Server\rewrite.php(43): require_once('FCPATH\\index.php')
CRITICAL - 2022-12-12 22:22:47 --> Undefined variable: articles
in APPPATH\Views\admin\home.php on line 39.
 1 APPPATH\Views\admin\home.php(39): CodeIgniter\Debug\Exceptions->errorHandler(8, 'Undefined variable: articles', 'APPPATH\\Views\\admin\\home.php', 39, [...])
 2 SYSTEMPATH\View\View.php(213): include('APPPATH\\Views\\admin\\home.php')
 3 SYSTEMPATH\View\View.php(216): CodeIgniter\View\View->CodeIgniter\View\{closure}()
 4 SYSTEMPATH\Common.php(1135): CodeIgniter\View\View->render('admin/home', [], true)
 5 APPPATH\Controllers\Admin.php(21): view('admin/home', [...])
 6 SYSTEMPATH\CodeIgniter.php(896): App\Controllers\Admin->index()
 7 SYSTEMPATH\CodeIgniter.php(466): CodeIgniter\CodeIgniter->runController(Object(App\Controllers\Admin))
 8 SYSTEMPATH\CodeIgniter.php(349): CodeIgniter\CodeIgniter->handleRequest(null, Object(Config\Cache), false)
 9 FCPATH\index.php(55): CodeIgniter\CodeIgniter->run()
10 SYSTEMPATH\Commands\Server\rewrite.php(43): require_once('FCPATH\\index.php')
CRITICAL - 2022-12-12 22:22:48 --> Undefined variable: articles
in APPPATH\Views\admin\home.php on line 39.
 1 APPPATH\Views\admin\home.php(39): CodeIgniter\Debug\Exceptions->errorHandler(8, 'Undefined variable: articles', 'APPPATH\\Views\\admin\\home.php', 39, [...])
 2 SYSTEMPATH\View\View.php(213): include('APPPATH\\Views\\admin\\home.php')
 3 SYSTEMPATH\View\View.php(216): CodeIgniter\View\View->CodeIgniter\View\{closure}()
 4 SYSTEMPATH\Common.php(1135): CodeIgniter\View\View->render('admin/home', [], true)
 5 APPPATH\Controllers\Admin.php(21): view('admin/home', [...])
 6 SYSTEMPATH\CodeIgniter.php(896): App\Controllers\Admin->index()
 7 SYSTEMPATH\CodeIgniter.php(466): CodeIgniter\CodeIgniter->runController(Object(App\Controllers\Admin))
 8 SYSTEMPATH\CodeIgniter.php(349): CodeIgniter\CodeIgniter->handleRequest(null, Object(Config\Cache), false)
 9 FCPATH\index.php(55): CodeIgniter\CodeIgniter->run()
10 SYSTEMPATH\Commands\Server\rewrite.php(43): require_once('FCPATH\\index.php')
