CRITICAL - 2022-12-17 01:04:05 --> unlink(img/1671198363_dba85d39d4f99ba56df4.png): No such file or directory
in APPPATH\Controllers\Community.php on line 85.
 1 [internal function]: CodeIgniter\Debug\Exceptions->errorHandler(2, 'unlink(img/1671198363_dba85d39d4f99ba56df4.png): No such file or directory', 'APPPATH\\Controllers\\Community.php', 85, [...])
 2 APPPATH\Controllers\Community.php(85): unlink('img/1671198363_dba85d39d4f99ba56df4.png')
 3 SYSTEMPATH\CodeIgniter.php(896): App\Controllers\Community->update()
 4 SYSTEMPATH\CodeIgniter.php(466): CodeIgniter\CodeIgniter->runController(Object(App\Controllers\Community))
 5 SYSTEMPATH\CodeIgniter.php(349): CodeIgniter\CodeIgniter->handleRequest(null, Object(Config\Cache), false)
 6 FCPATH\index.php(55): CodeIgniter\CodeIgniter->run()
 7 SYSTEMPATH\Commands\Server\rewrite.php(43): require_once('FCPATH\\index.php')
CRITICAL - 2022-12-17 01:04:23 --> unlink(img/1671198363_dba85d39d4f99ba56df4.png): No such file or directory
in APPPATH\Controllers\Community.php on line 55.
 1 [internal function]: CodeIgniter\Debug\Exceptions->errorHandler(2, 'unlink(img/1671198363_dba85d39d4f99ba56df4.png): No such file or directory', 'APPPATH\\Controllers\\Community.php', 55, [...])
 2 APPPATH\Controllers\Community.php(55): unlink('img/1671198363_dba85d39d4f99ba56df4.png')
 3 SYSTEMPATH\CodeIgniter.php(896): App\Controllers\Community->delete()
 4 SYSTEMPATH\CodeIgniter.php(466): CodeIgniter\CodeIgniter->runController(Object(App\Controllers\Community))
 5 SYSTEMPATH\CodeIgniter.php(349): CodeIgniter\CodeIgniter->handleRequest(null, Object(Config\Cache), false)
 6 FCPATH\index.php(55): CodeIgniter\CodeIgniter->run()
 7 SYSTEMPATH\Commands\Server\rewrite.php(43): require_once('FCPATH\\index.php')
CRITICAL - 2022-12-17 02:46:23 --> unlink(img/1671266701_245774278bdb3252b94e.png): No such file or directory
in APPPATH\Controllers\Community.php on line 85.
 1 [internal function]: CodeIgniter\Debug\Exceptions->errorHandler(2, 'unlink(img/1671266701_245774278bdb3252b94e.png): No such file or directory', 'APPPATH\\Controllers\\Community.php', 85, [...])
 2 APPPATH\Controllers\Community.php(85): unlink('img/1671266701_245774278bdb3252b94e.png')
 3 SYSTEMPATH\CodeIgniter.php(896): App\Controllers\Community->update()
 4 SYSTEMPATH\CodeIgniter.php(466): CodeIgniter\CodeIgniter->runController(Object(App\Controllers\Community))
 5 SYSTEMPATH\CodeIgniter.php(349): CodeIgniter\CodeIgniter->handleRequest(null, Object(Config\Cache), false)
 6 FCPATH\index.php(55): CodeIgniter\CodeIgniter->run()
 7 SYSTEMPATH\Commands\Server\rewrite.php(43): require_once('FCPATH\\index.php')
CRITICAL - 2022-12-17 02:46:43 --> unlink(img/1671266701_245774278bdb3252b94e.png): No such file or directory
in APPPATH\Controllers\Community.php on line 85.
 1 [internal function]: CodeIgniter\Debug\Exceptions->errorHandler(2, 'unlink(img/1671266701_245774278bdb3252b94e.png): No such file or directory', 'APPPATH\\Controllers\\Community.php', 85, [...])
 2 APPPATH\Controllers\Community.php(85): unlink('img/1671266701_245774278bdb3252b94e.png')
 3 SYSTEMPATH\CodeIgniter.php(896): App\Controllers\Community->update()
 4 SYSTEMPATH\CodeIgniter.php(466): CodeIgniter\CodeIgniter->runController(Object(App\Controllers\Community))
 5 SYSTEMPATH\CodeIgniter.php(349): CodeIgniter\CodeIgniter->handleRequest(null, Object(Config\Cache), false)
 6 FCPATH\index.php(55): CodeIgniter\CodeIgniter->run()
 7 SYSTEMPATH\Commands\Server\rewrite.php(43): require_once('FCPATH\\index.php')
CRITICAL - 2022-12-17 02:49:28 --> unlink(img/1671266945_42a609529292ba22d218.png): No such file or directory
in APPPATH\Controllers\Community.php on line 55.
 1 [internal function]: CodeIgniter\Debug\Exceptions->errorHandler(2, 'unlink(img/1671266945_42a609529292ba22d218.png): No such file or directory', 'APPPATH\\Controllers\\Community.php', 55, [...])
 2 APPPATH\Controllers\Community.php(55): unlink('img/1671266945_42a609529292ba22d218.png')
 3 SYSTEMPATH\CodeIgniter.php(896): App\Controllers\Community->delete()
 4 SYSTEMPATH\CodeIgniter.php(466): CodeIgniter\CodeIgniter->runController(Object(App\Controllers\Community))
 5 SYSTEMPATH\CodeIgniter.php(349): CodeIgniter\CodeIgniter->handleRequest(null, Object(Config\Cache), false)
 6 FCPATH\index.php(55): CodeIgniter\CodeIgniter->run()
 7 SYSTEMPATH\Commands\Server\rewrite.php(43): require_once('FCPATH\\index.php')
