ERROR - 2022-12-08 19:37:56 --> Column 'id_articles' cannot be null
CRITICAL - 2022-12-08 19:37:56 --> Column 'id_articles' cannot be null
in SYSTEMPATH\Database\MySQLi\Connection.php on line 292.
 1 SYSTEMPATH\Database\MySQLi\Connection.php(292): mysqli->query('INSERT INTO `visitors` (`type`, `id_articles`) VALUES (2, NULL)', 0)
 2 SYSTEMPATH\Database\BaseConnection.php(695): CodeIgniter\Database\MySQLi\Connection->execute('INSERT INTO `visitors` (`type`, `id_articles`) VALUES (2, NULL)')
 3 SYSTEMPATH\Database\BaseConnection.php(609): CodeIgniter\Database\BaseConnection->simpleQuery('INSERT INTO `visitors` (`type`, `id_articles`) VALUES (2, NULL)')
 4 SYSTEMPATH\Database\BaseBuilder.php(1904): CodeIgniter\Database\BaseConnection->query('INSERT INTO `visitors` (`type`, `id_articles`) VALUES (:type:, :id_articles:)', [...], false)
 5 SYSTEMPATH\Model.php(278): CodeIgniter\Database\BaseBuilder->insert()
 6 SYSTEMPATH\BaseModel.php(738): CodeIgniter\Model->doInsert([...])
 7 SYSTEMPATH\Model.php(666): CodeIgniter\BaseModel->insert([...], false)
 8 SYSTEMPATH\BaseModel.php(658): CodeIgniter\Model->insert([...], false)
 9 APPPATH\Controllers\Home.php(77): CodeIgniter\BaseModel->save([...])
10 SYSTEMPATH\CodeIgniter.php(896): App\Controllers\Home->detail('organisasi')
11 SYSTEMPATH\CodeIgniter.php(466): CodeIgniter\CodeIgniter->runController(Object(App\Controllers\Home))
12 SYSTEMPATH\CodeIgniter.php(349): CodeIgniter\CodeIgniter->handleRequest(null, Object(Config\Cache), false)
13 FCPATH\index.php(55): CodeIgniter\CodeIgniter->run()
14 SYSTEMPATH\Commands\Server\rewrite.php(43): require_once('FCPATH\\index.php')
ERROR - 2022-12-08 19:38:29 --> Column 'id_articles' cannot be null
CRITICAL - 2022-12-08 19:38:29 --> Column 'id_articles' cannot be null
in SYSTEMPATH\Database\MySQLi\Connection.php on line 292.
 1 SYSTEMPATH\Database\MySQLi\Connection.php(292): mysqli->query('INSERT INTO `visitors` (`type`, `id_articles`) VALUES (2, NULL)', 0)
 2 SYSTEMPATH\Database\BaseConnection.php(695): CodeIgniter\Database\MySQLi\Connection->execute('INSERT INTO `visitors` (`type`, `id_articles`) VALUES (2, NULL)')
 3 SYSTEMPATH\Database\BaseConnection.php(609): CodeIgniter\Database\BaseConnection->simpleQuery('INSERT INTO `visitors` (`type`, `id_articles`) VALUES (2, NULL)')
 4 SYSTEMPATH\Database\BaseBuilder.php(1904): CodeIgniter\Database\BaseConnection->query('INSERT INTO `visitors` (`type`, `id_articles`) VALUES (:type:, :id_articles:)', [...], false)
 5 SYSTEMPATH\Model.php(278): CodeIgniter\Database\BaseBuilder->insert()
 6 SYSTEMPATH\BaseModel.php(738): CodeIgniter\Model->doInsert([...])
 7 SYSTEMPATH\Model.php(666): CodeIgniter\BaseModel->insert([...], false)
 8 SYSTEMPATH\BaseModel.php(658): CodeIgniter\Model->insert([...], false)
 9 APPPATH\Controllers\Home.php(77): CodeIgniter\BaseModel->save([...])
10 SYSTEMPATH\CodeIgniter.php(896): App\Controllers\Home->detail('organisasi')
11 SYSTEMPATH\CodeIgniter.php(466): CodeIgniter\CodeIgniter->runController(Object(App\Controllers\Home))
12 SYSTEMPATH\CodeIgniter.php(349): CodeIgniter\CodeIgniter->handleRequest(null, Object(Config\Cache), false)
13 FCPATH\index.php(55): CodeIgniter\CodeIgniter->run()
14 SYSTEMPATH\Commands\Server\rewrite.php(43): require_once('FCPATH\\index.php')
CRITICAL - 2022-12-08 20:27:25 --> Undefined variable: articles
in APPPATH\Views\admin\community.php on line 24.
 1 APPPATH\Views\admin\community.php(24): CodeIgniter\Debug\Exceptions->errorHandler(8, 'Undefined variable: articles', 'APPPATH\\Views\\admin\\community.php', 24, [...])
 2 SYSTEMPATH\View\View.php(213): include('APPPATH\\Views\\admin\\community.php')
 3 SYSTEMPATH\View\View.php(216): CodeIgniter\View\View->CodeIgniter\View\{closure}()
 4 SYSTEMPATH\Common.php(1135): CodeIgniter\View\View->render('admin/community', [], true)
 5 APPPATH\Controllers\Community.php(14): view('admin/community', [...])
 6 SYSTEMPATH\CodeIgniter.php(896): App\Controllers\Community->index()
 7 SYSTEMPATH\CodeIgniter.php(466): CodeIgniter\CodeIgniter->runController(Object(App\Controllers\Community))
 8 SYSTEMPATH\CodeIgniter.php(349): CodeIgniter\CodeIgniter->handleRequest(null, Object(Config\Cache), false)
 9 FCPATH\index.php(55): CodeIgniter\CodeIgniter->run()
10 SYSTEMPATH\Commands\Server\rewrite.php(43): require_once('FCPATH\\index.php')
CRITICAL - 2022-12-08 20:28:35 --> Undefined variable: articles
in APPPATH\Views\admin\community.php on line 24.
 1 APPPATH\Views\admin\community.php(24): CodeIgniter\Debug\Exceptions->errorHandler(8, 'Undefined variable: articles', 'APPPATH\\Views\\admin\\community.php', 24, [...])
 2 SYSTEMPATH\View\View.php(213): include('APPPATH\\Views\\admin\\community.php')
 3 SYSTEMPATH\View\View.php(216): CodeIgniter\View\View->CodeIgniter\View\{closure}()
 4 SYSTEMPATH\Common.php(1135): CodeIgniter\View\View->render('admin/community', [], true)
 5 APPPATH\Controllers\Community.php(14): view('admin/community', [...])
 6 SYSTEMPATH\CodeIgniter.php(896): App\Controllers\Community->index()
 7 SYSTEMPATH\CodeIgniter.php(466): CodeIgniter\CodeIgniter->runController(Object(App\Controllers\Community))
 8 SYSTEMPATH\CodeIgniter.php(349): CodeIgniter\CodeIgniter->handleRequest(null, Object(Config\Cache), false)
 9 FCPATH\index.php(55): CodeIgniter\CodeIgniter->run()
10 SYSTEMPATH\Commands\Server\rewrite.php(43): require_once('FCPATH\\index.php')
CRITICAL - 2022-12-08 20:31:28 --> Undefined index: thumbnail
in APPPATH\Views\admin\community.php on line 31.
 1 APPPATH\Views\admin\community.php(31): CodeIgniter\Debug\Exceptions->errorHandler(8, 'Undefined index: thumbnail', 'APPPATH\\Views\\admin\\community.php', 31, [...])
 2 SYSTEMPATH\View\View.php(213): include('APPPATH\\Views\\admin\\community.php')
 3 SYSTEMPATH\View\View.php(216): CodeIgniter\View\View->CodeIgniter\View\{closure}()
 4 SYSTEMPATH\Common.php(1135): CodeIgniter\View\View->render('admin/community', [], true)
 5 APPPATH\Controllers\Community.php(14): view('admin/community', [...])
 6 SYSTEMPATH\CodeIgniter.php(896): App\Controllers\Community->index()
 7 SYSTEMPATH\CodeIgniter.php(466): CodeIgniter\CodeIgniter->runController(Object(App\Controllers\Community))
 8 SYSTEMPATH\CodeIgniter.php(349): CodeIgniter\CodeIgniter->handleRequest(null, Object(Config\Cache), false)
 9 FCPATH\index.php(55): CodeIgniter\CodeIgniter->run()
10 SYSTEMPATH\Commands\Server\rewrite.php(43): require_once('FCPATH\\index.php')
CRITICAL - 2022-12-08 20:32:06 --> Undefined index: title
in APPPATH\Views\admin\community.php on line 34.
 1 APPPATH\Views\admin\community.php(34): CodeIgniter\Debug\Exceptions->errorHandler(8, 'Undefined index: title', 'APPPATH\\Views\\admin\\community.php', 34, [...])
 2 SYSTEMPATH\View\View.php(213): include('APPPATH\\Views\\admin\\community.php')
 3 SYSTEMPATH\View\View.php(216): CodeIgniter\View\View->CodeIgniter\View\{closure}()
 4 SYSTEMPATH\Common.php(1135): CodeIgniter\View\View->render('admin/community', [], true)
 5 APPPATH\Controllers\Community.php(14): view('admin/community', [...])
 6 SYSTEMPATH\CodeIgniter.php(896): App\Controllers\Community->index()
 7 SYSTEMPATH\CodeIgniter.php(466): CodeIgniter\CodeIgniter->runController(Object(App\Controllers\Community))
 8 SYSTEMPATH\CodeIgniter.php(349): CodeIgniter\CodeIgniter->handleRequest(null, Object(Config\Cache), false)
 9 FCPATH\index.php(55): CodeIgniter\CodeIgniter->run()
10 SYSTEMPATH\Commands\Server\rewrite.php(43): require_once('FCPATH\\index.php')
CRITICAL - 2022-12-08 20:33:42 --> Undefined index: title
in APPPATH\Views\admin\community.php on line 34.
 1 APPPATH\Views\admin\community.php(34): CodeIgniter\Debug\Exceptions->errorHandler(8, 'Undefined index: title', 'APPPATH\\Views\\admin\\community.php', 34, [...])
 2 SYSTEMPATH\View\View.php(213): include('APPPATH\\Views\\admin\\community.php')
 3 SYSTEMPATH\View\View.php(216): CodeIgniter\View\View->CodeIgniter\View\{closure}()
 4 SYSTEMPATH\Common.php(1135): CodeIgniter\View\View->render('admin/community', [], true)
 5 APPPATH\Controllers\Community.php(14): view('admin/community', [...])
 6 SYSTEMPATH\CodeIgniter.php(896): App\Controllers\Community->index()
 7 SYSTEMPATH\CodeIgniter.php(466): CodeIgniter\CodeIgniter->runController(Object(App\Controllers\Community))
 8 SYSTEMPATH\CodeIgniter.php(349): CodeIgniter\CodeIgniter->handleRequest(null, Object(Config\Cache), false)
 9 FCPATH\index.php(55): CodeIgniter\CodeIgniter->run()
10 SYSTEMPATH\Commands\Server\rewrite.php(43): require_once('FCPATH\\index.php')
CRITICAL - 2022-12-08 20:34:08 --> Undefined index: id_communitys
in APPPATH\Views\admin\community.php on line 49.
 1 APPPATH\Views\admin\community.php(49): CodeIgniter\Debug\Exceptions->errorHandler(8, 'Undefined index: id_communitys', 'APPPATH\\Views\\admin\\community.php', 49, [...])
 2 SYSTEMPATH\View\View.php(213): include('APPPATH\\Views\\admin\\community.php')
 3 SYSTEMPATH\View\View.php(216): CodeIgniter\View\View->CodeIgniter\View\{closure}()
 4 SYSTEMPATH\Common.php(1135): CodeIgniter\View\View->render('admin/community', [], true)
 5 APPPATH\Controllers\Community.php(14): view('admin/community', [...])
 6 SYSTEMPATH\CodeIgniter.php(896): App\Controllers\Community->index()
 7 SYSTEMPATH\CodeIgniter.php(466): CodeIgniter\CodeIgniter->runController(Object(App\Controllers\Community))
 8 SYSTEMPATH\CodeIgniter.php(349): CodeIgniter\CodeIgniter->handleRequest(null, Object(Config\Cache), false)
 9 FCPATH\index.php(55): CodeIgniter\CodeIgniter->run()
10 SYSTEMPATH\Commands\Server\rewrite.php(43): require_once('FCPATH\\index.php')
CRITICAL - 2022-12-08 20:34:30 --> Undefined index: id_communitys
in APPPATH\Views\admin\community.php on line 56.
 1 APPPATH\Views\admin\community.php(56): CodeIgniter\Debug\Exceptions->errorHandler(8, 'Undefined index: id_communitys', 'APPPATH\\Views\\admin\\community.php', 56, [...])
 2 SYSTEMPATH\View\View.php(213): include('APPPATH\\Views\\admin\\community.php')
 3 SYSTEMPATH\View\View.php(216): CodeIgniter\View\View->CodeIgniter\View\{closure}()
 4 SYSTEMPATH\Common.php(1135): CodeIgniter\View\View->render('admin/community', [], true)
 5 APPPATH\Controllers\Community.php(14): view('admin/community', [...])
 6 SYSTEMPATH\CodeIgniter.php(896): App\Controllers\Community->index()
 7 SYSTEMPATH\CodeIgniter.php(466): CodeIgniter\CodeIgniter->runController(Object(App\Controllers\Community))
 8 SYSTEMPATH\CodeIgniter.php(349): CodeIgniter\CodeIgniter->handleRequest(null, Object(Config\Cache), false)
 9 FCPATH\index.php(55): CodeIgniter\CodeIgniter->run()
10 SYSTEMPATH\Commands\Server\rewrite.php(43): require_once('FCPATH\\index.php')
CRITICAL - 2022-12-08 20:35:03 --> Undefined index: id_communitys
in APPPATH\Views\admin\community.php on line 65.
 1 APPPATH\Views\admin\community.php(65): CodeIgniter\Debug\Exceptions->errorHandler(8, 'Undefined index: id_communitys', 'APPPATH\\Views\\admin\\community.php', 65, [...])
 2 SYSTEMPATH\View\View.php(213): include('APPPATH\\Views\\admin\\community.php')
 3 SYSTEMPATH\View\View.php(216): CodeIgniter\View\View->CodeIgniter\View\{closure}()
 4 SYSTEMPATH\Common.php(1135): CodeIgniter\View\View->render('admin/community', [], true)
 5 APPPATH\Controllers\Community.php(14): view('admin/community', [...])
 6 SYSTEMPATH\CodeIgniter.php(896): App\Controllers\Community->index()
 7 SYSTEMPATH\CodeIgniter.php(466): CodeIgniter\CodeIgniter->runController(Object(App\Controllers\Community))
 8 SYSTEMPATH\CodeIgniter.php(349): CodeIgniter\CodeIgniter->handleRequest(null, Object(Config\Cache), false)
 9 FCPATH\index.php(55): CodeIgniter\CodeIgniter->run()
10 SYSTEMPATH\Commands\Server\rewrite.php(43): require_once('FCPATH\\index.php')
CRITICAL - 2022-12-08 20:35:20 --> Undefined index: id_communitys
in APPPATH\Views\admin\community.php on line 81.
 1 APPPATH\Views\admin\community.php(81): CodeIgniter\Debug\Exceptions->errorHandler(8, 'Undefined index: id_communitys', 'APPPATH\\Views\\admin\\community.php', 81, [...])
 2 SYSTEMPATH\View\View.php(213): include('APPPATH\\Views\\admin\\community.php')
 3 SYSTEMPATH\View\View.php(216): CodeIgniter\View\View->CodeIgniter\View\{closure}()
 4 SYSTEMPATH\Common.php(1135): CodeIgniter\View\View->render('admin/community', [], true)
 5 APPPATH\Controllers\Community.php(14): view('admin/community', [...])
 6 SYSTEMPATH\CodeIgniter.php(896): App\Controllers\Community->index()
 7 SYSTEMPATH\CodeIgniter.php(466): CodeIgniter\CodeIgniter->runController(Object(App\Controllers\Community))
 8 SYSTEMPATH\CodeIgniter.php(349): CodeIgniter\CodeIgniter->handleRequest(null, Object(Config\Cache), false)
 9 FCPATH\index.php(55): CodeIgniter\CodeIgniter->run()
10 SYSTEMPATH\Commands\Server\rewrite.php(43): require_once('FCPATH\\index.php')
ERROR - 2022-12-08 20:38:28 --> Column 'id_categories' cannot be null
CRITICAL - 2022-12-08 20:38:28 --> Column 'id_categories' cannot be null
in SYSTEMPATH\Database\MySQLi\Connection.php on line 292.
 1 SYSTEMPATH\Database\MySQLi\Connection.php(292): mysqli->query('INSERT INTO `articles` (`slug`, `title`, `description`, `thumbnail`, `date`, `id_users`, `id_categories`) VALUES (\'sadad\', \'sadad\', \'<p>asdasdasdasd</p>\', \'1670553508_9a7e889e9266c2ec7232.jpg\', \'2022-12-08\', \'1\', NULL)', 0)
 2 SYSTEMPATH\Database\BaseConnection.php(695): CodeIgniter\Database\MySQLi\Connection->execute('INSERT INTO `articles` (`slug`, `title`, `description`, `thumbnail`, `date`, `id_users`, `id_categories`) VALUES (\'sadad\', \'sadad\', \'<p>asdasdasdasd</p>\', \'1670553508_9a7e889e9266c2ec7232.jpg\', \'2022-12-08\', \'1\', NULL)')
 3 SYSTEMPATH\Database\BaseConnection.php(609): CodeIgniter\Database\BaseConnection->simpleQuery('INSERT INTO `articles` (`slug`, `title`, `description`, `thumbnail`, `date`, `id_users`, `id_categories`) VALUES (\'sadad\', \'sadad\', \'<p>asdasdasdasd</p>\', \'1670553508_9a7e889e9266c2ec7232.jpg\', \'2022-12-08\', \'1\', NULL)')
 4 SYSTEMPATH\Database\BaseBuilder.php(1904): CodeIgniter\Database\BaseConnection->query('INSERT INTO `articles` (`slug`, `title`, `description`, `thumbnail`, `date`, `id_users`, `id_categories`) VALUES (:slug:, :title:, :description:, :thumbnail:, :date:, :id_users:, :id_categories:)', [...], false)
 5 SYSTEMPATH\Model.php(278): CodeIgniter\Database\BaseBuilder->insert()
 6 SYSTEMPATH\BaseModel.php(738): CodeIgniter\Model->doInsert([...])
 7 SYSTEMPATH\Model.php(666): CodeIgniter\BaseModel->insert([...], false)
 8 SYSTEMPATH\BaseModel.php(658): CodeIgniter\Model->insert([...], false)
 9 APPPATH\Controllers\Article.php(48): CodeIgniter\BaseModel->save([...])
10 SYSTEMPATH\CodeIgniter.php(896): App\Controllers\Article->save()
11 SYSTEMPATH\CodeIgniter.php(466): CodeIgniter\CodeIgniter->runController(Object(App\Controllers\Article))
12 SYSTEMPATH\CodeIgniter.php(349): CodeIgniter\CodeIgniter->handleRequest(null, Object(Config\Cache), false)
13 FCPATH\index.php(55): CodeIgniter\CodeIgniter->run()
14 SYSTEMPATH\Commands\Server\rewrite.php(43): require_once('FCPATH\\index.php')
ERROR - 2022-12-08 20:40:14 --> Column 'id_categories' cannot be null
CRITICAL - 2022-12-08 20:40:14 --> Column 'id_categories' cannot be null
in SYSTEMPATH\Database\MySQLi\Connection.php on line 292.
 1 SYSTEMPATH\Database\MySQLi\Connection.php(292): mysqli->query('INSERT INTO `articles` (`slug`, `title`, `description`, `thumbnail`, `date`, `id_users`, `id_categories`) VALUES (\'sadad\', \'sadad\', \'<p>asdasdasdasd</p>\', \'1670553614_711bd20aaea9302722e1.jpg\', \'2022-12-08\', \'1\', NULL)', 0)
 2 SYSTEMPATH\Database\BaseConnection.php(695): CodeIgniter\Database\MySQLi\Connection->execute('INSERT INTO `articles` (`slug`, `title`, `description`, `thumbnail`, `date`, `id_users`, `id_categories`) VALUES (\'sadad\', \'sadad\', \'<p>asdasdasdasd</p>\', \'1670553614_711bd20aaea9302722e1.jpg\', \'2022-12-08\', \'1\', NULL)')
 3 SYSTEMPATH\Database\BaseConnection.php(609): CodeIgniter\Database\BaseConnection->simpleQuery('INSERT INTO `articles` (`slug`, `title`, `description`, `thumbnail`, `date`, `id_users`, `id_categories`) VALUES (\'sadad\', \'sadad\', \'<p>asdasdasdasd</p>\', \'1670553614_711bd20aaea9302722e1.jpg\', \'2022-12-08\', \'1\', NULL)')
 4 SYSTEMPATH\Database\BaseBuilder.php(1904): CodeIgniter\Database\BaseConnection->query('INSERT INTO `articles` (`slug`, `title`, `description`, `thumbnail`, `date`, `id_users`, `id_categories`) VALUES (:slug:, :title:, :description:, :thumbnail:, :date:, :id_users:, :id_categories:)', [...], false)
 5 SYSTEMPATH\Model.php(278): CodeIgniter\Database\BaseBuilder->insert()
 6 SYSTEMPATH\BaseModel.php(738): CodeIgniter\Model->doInsert([...])
 7 SYSTEMPATH\Model.php(666): CodeIgniter\BaseModel->insert([...], false)
 8 SYSTEMPATH\BaseModel.php(658): CodeIgniter\Model->insert([...], false)
 9 APPPATH\Controllers\Article.php(48): CodeIgniter\BaseModel->save([...])
10 SYSTEMPATH\CodeIgniter.php(896): App\Controllers\Article->save()
11 SYSTEMPATH\CodeIgniter.php(466): CodeIgniter\CodeIgniter->runController(Object(App\Controllers\Article))
12 SYSTEMPATH\CodeIgniter.php(349): CodeIgniter\CodeIgniter->handleRequest(null, Object(Config\Cache), false)
13 FCPATH\index.php(55): CodeIgniter\CodeIgniter->run()
14 SYSTEMPATH\Commands\Server\rewrite.php(43): require_once('FCPATH\\index.php')
ERROR - 2022-12-08 20:40:30 --> Column 'name' cannot be null
CRITICAL - 2022-12-08 20:40:30 --> Column 'name' cannot be null
in SYSTEMPATH\Database\MySQLi\Connection.php on line 292.
 1 SYSTEMPATH\Database\MySQLi\Connection.php(292): mysqli->query('INSERT INTO `community` (`slug`, `name`, `description`, `thumbnail`) VALUES (\'asdad\', NULL, \'<p>sadadasdasdasdasd</p>\', \'1670553630_6796d6bd7438a372c673.jpg\')', 0)
 2 SYSTEMPATH\Database\BaseConnection.php(695): CodeIgniter\Database\MySQLi\Connection->execute('INSERT INTO `community` (`slug`, `name`, `description`, `thumbnail`) VALUES (\'asdad\', NULL, \'<p>sadadasdasdasdasd</p>\', \'1670553630_6796d6bd7438a372c673.jpg\')')
 3 SYSTEMPATH\Database\BaseConnection.php(609): CodeIgniter\Database\BaseConnection->simpleQuery('INSERT INTO `community` (`slug`, `name`, `description`, `thumbnail`) VALUES (\'asdad\', NULL, \'<p>sadadasdasdasdasd</p>\', \'1670553630_6796d6bd7438a372c673.jpg\')')
 4 SYSTEMPATH\Database\BaseBuilder.php(1904): CodeIgniter\Database\BaseConnection->query('INSERT INTO `community` (`slug`, `name`, `description`, `thumbnail`) VALUES (:slug:, :name:, :description:, :thumbnail:)', [...], false)
 5 SYSTEMPATH\Model.php(278): CodeIgniter\Database\BaseBuilder->insert()
 6 SYSTEMPATH\BaseModel.php(738): CodeIgniter\Model->doInsert([...])
 7 SYSTEMPATH\Model.php(666): CodeIgniter\BaseModel->insert([...], false)
 8 SYSTEMPATH\BaseModel.php(658): CodeIgniter\Model->insert([...], false)
 9 APPPATH\Controllers\Community.php(42): CodeIgniter\BaseModel->save([...])
10 SYSTEMPATH\CodeIgniter.php(896): App\Controllers\Community->save()
11 SYSTEMPATH\CodeIgniter.php(466): CodeIgniter\CodeIgniter->runController(Object(App\Controllers\Community))
12 SYSTEMPATH\CodeIgniter.php(349): CodeIgniter\CodeIgniter->handleRequest(null, Object(Config\Cache), false)
13 FCPATH\index.php(55): CodeIgniter\CodeIgniter->run()
14 SYSTEMPATH\Commands\Server\rewrite.php(43): require_once('FCPATH\\index.php')
ERROR - 2022-12-08 20:42:34 --> Column 'name' cannot be null
CRITICAL - 2022-12-08 20:42:34 --> Column 'name' cannot be null
in SYSTEMPATH\Database\MySQLi\Connection.php on line 292.
 1 SYSTEMPATH\Database\MySQLi\Connection.php(292): mysqli->query('INSERT INTO `community` (`slug`, `name`, `description`, `thumbnail`) VALUES (\'asdad\', NULL, \'<p>sadadasdasdasdasd</p>\', \'1670553754_4b8e8dc17e799cff3f59.jpg\')', 0)
 2 SYSTEMPATH\Database\BaseConnection.php(695): CodeIgniter\Database\MySQLi\Connection->execute('INSERT INTO `community` (`slug`, `name`, `description`, `thumbnail`) VALUES (\'asdad\', NULL, \'<p>sadadasdasdasdasd</p>\', \'1670553754_4b8e8dc17e799cff3f59.jpg\')')
 3 SYSTEMPATH\Database\BaseConnection.php(609): CodeIgniter\Database\BaseConnection->simpleQuery('INSERT INTO `community` (`slug`, `name`, `description`, `thumbnail`) VALUES (\'asdad\', NULL, \'<p>sadadasdasdasdasd</p>\', \'1670553754_4b8e8dc17e799cff3f59.jpg\')')
 4 SYSTEMPATH\Database\BaseBuilder.php(1904): CodeIgniter\Database\BaseConnection->query('INSERT INTO `community` (`slug`, `name`, `description`, `thumbnail`) VALUES (:slug:, :name:, :description:, :thumbnail:)', [...], false)
 5 SYSTEMPATH\Model.php(278): CodeIgniter\Database\BaseBuilder->insert()
 6 SYSTEMPATH\BaseModel.php(738): CodeIgniter\Model->doInsert([...])
 7 SYSTEMPATH\Model.php(666): CodeIgniter\BaseModel->insert([...], false)
 8 SYSTEMPATH\BaseModel.php(658): CodeIgniter\Model->insert([...], false)
 9 APPPATH\Controllers\Community.php(42): CodeIgniter\BaseModel->save([...])
10 SYSTEMPATH\CodeIgniter.php(896): App\Controllers\Community->save()
11 SYSTEMPATH\CodeIgniter.php(466): CodeIgniter\CodeIgniter->runController(Object(App\Controllers\Community))
12 SYSTEMPATH\CodeIgniter.php(349): CodeIgniter\CodeIgniter->handleRequest(null, Object(Config\Cache), false)
13 FCPATH\index.php(55): CodeIgniter\CodeIgniter->run()
14 SYSTEMPATH\Commands\Server\rewrite.php(43): require_once('FCPATH\\index.php')
CRITICAL - 2022-12-08 20:42:43 --> Argument 1 passed to url_title() must be of the type string, null given, called in C:\xampp\htdocs\web_event\app\Controllers\Community.php on line 36
in SYSTEMPATH\Helpers\url_helper.php on line 480.
 1 APPPATH\Controllers\Community.php(36): url_title(null, '-', true)
 2 SYSTEMPATH\CodeIgniter.php(896): App\Controllers\Community->save()
 3 SYSTEMPATH\CodeIgniter.php(466): CodeIgniter\CodeIgniter->runController(Object(App\Controllers\Community))
 4 SYSTEMPATH\CodeIgniter.php(349): CodeIgniter\CodeIgniter->handleRequest(null, Object(Config\Cache), false)
 5 FCPATH\index.php(55): CodeIgniter\CodeIgniter->run()
 6 SYSTEMPATH\Commands\Server\rewrite.php(43): require_once('FCPATH\\index.php')
CRITICAL - 2022-12-08 20:49:44 --> Undefined index: id_community
in APPPATH\Views\admin\community-edit.php on line 28.
 1 APPPATH\Views\admin\community-edit.php(28): CodeIgniter\Debug\Exceptions->errorHandler(8, 'Undefined index: id_community', 'APPPATH\\Views\\admin\\community-edit.php', 28, [...])
 2 SYSTEMPATH\View\View.php(213): include('APPPATH\\Views\\admin\\community-edit.php')
 3 SYSTEMPATH\View\View.php(216): CodeIgniter\View\View->CodeIgniter\View\{closure}()
 4 SYSTEMPATH\Common.php(1135): CodeIgniter\View\View->render('admin/community-edit', [], true)
 5 APPPATH\Controllers\Community.php(71): view('admin/community-edit', [...])
 6 SYSTEMPATH\CodeIgniter.php(896): App\Controllers\Community->edit('1')
 7 SYSTEMPATH\CodeIgniter.php(466): CodeIgniter\CodeIgniter->runController(Object(App\Controllers\Community))
 8 SYSTEMPATH\CodeIgniter.php(349): CodeIgniter\CodeIgniter->handleRequest(null, Object(Config\Cache), false)
 9 FCPATH\index.php(55): CodeIgniter\CodeIgniter->run()
10 SYSTEMPATH\Commands\Server\rewrite.php(43): require_once('FCPATH\\index.php')
CRITICAL - 2022-12-08 20:50:16 --> Undefined variable: data
in APPPATH\Views\admin\community-edit.php on line 28.
 1 APPPATH\Views\admin\community-edit.php(28): CodeIgniter\Debug\Exceptions->errorHandler(8, 'Undefined variable: data', 'APPPATH\\Views\\admin\\community-edit.php', 28, [...])
 2 SYSTEMPATH\View\View.php(213): include('APPPATH\\Views\\admin\\community-edit.php')
 3 SYSTEMPATH\View\View.php(216): CodeIgniter\View\View->CodeIgniter\View\{closure}()
 4 SYSTEMPATH\Common.php(1135): CodeIgniter\View\View->render('admin/community-edit', [], true)
 5 APPPATH\Controllers\Community.php(71): view('admin/community-edit', [...])
 6 SYSTEMPATH\CodeIgniter.php(896): App\Controllers\Community->edit('1')
 7 SYSTEMPATH\CodeIgniter.php(466): CodeIgniter\CodeIgniter->runController(Object(App\Controllers\Community))
 8 SYSTEMPATH\CodeIgniter.php(349): CodeIgniter\CodeIgniter->handleRequest(null, Object(Config\Cache), false)
 9 FCPATH\index.php(55): CodeIgniter\CodeIgniter->run()
10 SYSTEMPATH\Commands\Server\rewrite.php(43): require_once('FCPATH\\index.php')
CRITICAL - 2022-12-08 20:50:18 --> Undefined variable: data
in APPPATH\Views\admin\community-edit.php on line 28.
 1 APPPATH\Views\admin\community-edit.php(28): CodeIgniter\Debug\Exceptions->errorHandler(8, 'Undefined variable: data', 'APPPATH\\Views\\admin\\community-edit.php', 28, [...])
 2 SYSTEMPATH\View\View.php(213): include('APPPATH\\Views\\admin\\community-edit.php')
 3 SYSTEMPATH\View\View.php(216): CodeIgniter\View\View->CodeIgniter\View\{closure}()
 4 SYSTEMPATH\Common.php(1135): CodeIgniter\View\View->render('admin/community-edit', [], true)
 5 APPPATH\Controllers\Community.php(71): view('admin/community-edit', [...])
 6 SYSTEMPATH\CodeIgniter.php(896): App\Controllers\Community->edit('1')
 7 SYSTEMPATH\CodeIgniter.php(466): CodeIgniter\CodeIgniter->runController(Object(App\Controllers\Community))
 8 SYSTEMPATH\CodeIgniter.php(349): CodeIgniter\CodeIgniter->handleRequest(null, Object(Config\Cache), false)
 9 FCPATH\index.php(55): CodeIgniter\CodeIgniter->run()
10 SYSTEMPATH\Commands\Server\rewrite.php(43): require_once('FCPATH\\index.php')
CRITICAL - 2022-12-08 20:51:26 --> Undefined index: id_community
in APPPATH\Views\admin\community-edit.php on line 28.
 1 APPPATH\Views\admin\community-edit.php(28): CodeIgniter\Debug\Exceptions->errorHandler(8, 'Undefined index: id_community', 'APPPATH\\Views\\admin\\community-edit.php', 28, [...])
 2 SYSTEMPATH\View\View.php(213): include('APPPATH\\Views\\admin\\community-edit.php')
 3 SYSTEMPATH\View\View.php(216): CodeIgniter\View\View->CodeIgniter\View\{closure}()
 4 SYSTEMPATH\Common.php(1135): CodeIgniter\View\View->render('admin/community-edit', [], true)
 5 APPPATH\Controllers\Community.php(71): view('admin/community-edit', [...])
 6 SYSTEMPATH\CodeIgniter.php(896): App\Controllers\Community->edit('1')
 7 SYSTEMPATH\CodeIgniter.php(466): CodeIgniter\CodeIgniter->runController(Object(App\Controllers\Community))
 8 SYSTEMPATH\CodeIgniter.php(349): CodeIgniter\CodeIgniter->handleRequest(null, Object(Config\Cache), false)
 9 FCPATH\index.php(55): CodeIgniter\CodeIgniter->run()
10 SYSTEMPATH\Commands\Server\rewrite.php(43): require_once('FCPATH\\index.php')
CRITICAL - 2022-12-08 20:53:31 --> Undefined variable: article
in APPPATH\Views\admin\community-edit.php on line 34.
 1 APPPATH\Views\admin\community-edit.php(34): CodeIgniter\Debug\Exceptions->errorHandler(8, 'Undefined variable: article', 'APPPATH\\Views\\admin\\community-edit.php', 34, [...])
 2 SYSTEMPATH\View\View.php(213): include('APPPATH\\Views\\admin\\community-edit.php')
 3 SYSTEMPATH\View\View.php(216): CodeIgniter\View\View->CodeIgniter\View\{closure}()
 4 SYSTEMPATH\Common.php(1135): CodeIgniter\View\View->render('admin/community-edit', [], true)
 5 APPPATH\Controllers\Community.php(71): view('admin/community-edit', [...])
 6 SYSTEMPATH\CodeIgniter.php(896): App\Controllers\Community->edit('1')
 7 SYSTEMPATH\CodeIgniter.php(466): CodeIgniter\CodeIgniter->runController(Object(App\Controllers\Community))
 8 SYSTEMPATH\CodeIgniter.php(349): CodeIgniter\CodeIgniter->handleRequest(null, Object(Config\Cache), false)
 9 FCPATH\index.php(55): CodeIgniter\CodeIgniter->run()
10 SYSTEMPATH\Commands\Server\rewrite.php(43): require_once('FCPATH\\index.php')
CRITICAL - 2022-12-08 20:54:25 --> Undefined variable: article
in APPPATH\Views\admin\community-edit.php on line 53.
 1 APPPATH\Views\admin\community-edit.php(53): CodeIgniter\Debug\Exceptions->errorHandler(8, 'Undefined variable: article', 'APPPATH\\Views\\admin\\community-edit.php', 53, [...])
 2 SYSTEMPATH\View\View.php(213): include('APPPATH\\Views\\admin\\community-edit.php')
 3 SYSTEMPATH\View\View.php(216): CodeIgniter\View\View->CodeIgniter\View\{closure}()
 4 SYSTEMPATH\Common.php(1135): CodeIgniter\View\View->render('admin/community-edit', [], true)
 5 APPPATH\Controllers\Community.php(71): view('admin/community-edit', [...])
 6 SYSTEMPATH\CodeIgniter.php(896): App\Controllers\Community->edit('1')
 7 SYSTEMPATH\CodeIgniter.php(466): CodeIgniter\CodeIgniter->runController(Object(App\Controllers\Community))
 8 SYSTEMPATH\CodeIgniter.php(349): CodeIgniter\CodeIgniter->handleRequest(null, Object(Config\Cache), false)
 9 FCPATH\index.php(55): CodeIgniter\CodeIgniter->run()
10 SYSTEMPATH\Commands\Server\rewrite.php(43): require_once('FCPATH\\index.php')
CRITICAL - 2022-12-08 20:55:40 --> unlink(img/1669975890_5a217fb7f6c8393ef9f2): No such file or directory
in APPPATH\Controllers\Community.php on line 55.
 1 [internal function]: CodeIgniter\Debug\Exceptions->errorHandler(2, 'unlink(img/1669975890_5a217fb7f6c8393ef9f2): No such file or directory', 'APPPATH\\Controllers\\Community.php', 55, [...])
 2 APPPATH\Controllers\Community.php(55): unlink('img/1669975890_5a217fb7f6c8393ef9f2')
 3 SYSTEMPATH\CodeIgniter.php(896): App\Controllers\Community->delete()
 4 SYSTEMPATH\CodeIgniter.php(466): CodeIgniter\CodeIgniter->runController(Object(App\Controllers\Community))
 5 SYSTEMPATH\CodeIgniter.php(349): CodeIgniter\CodeIgniter->handleRequest(null, Object(Config\Cache), false)
 6 FCPATH\index.php(55): CodeIgniter\CodeIgniter->run()
 7 SYSTEMPATH\Commands\Server\rewrite.php(43): require_once('FCPATH\\index.php')
CRITICAL - 2022-12-08 20:56:04 --> unlink(img/1669975890_5a217fb7f6c8393ef9f2): No such file or directory
in APPPATH\Controllers\Community.php on line 55.
 1 [internal function]: CodeIgniter\Debug\Exceptions->errorHandler(2, 'unlink(img/1669975890_5a217fb7f6c8393ef9f2): No such file or directory', 'APPPATH\\Controllers\\Community.php', 55, [...])
 2 APPPATH\Controllers\Community.php(55): unlink('img/1669975890_5a217fb7f6c8393ef9f2')
 3 SYSTEMPATH\CodeIgniter.php(896): App\Controllers\Community->delete()
 4 SYSTEMPATH\CodeIgniter.php(466): CodeIgniter\CodeIgniter->runController(Object(App\Controllers\Community))
 5 SYSTEMPATH\CodeIgniter.php(349): CodeIgniter\CodeIgniter->handleRequest(null, Object(Config\Cache), false)
 6 FCPATH\index.php(55): CodeIgniter\CodeIgniter->run()
 7 SYSTEMPATH\Commands\Server\rewrite.php(43): require_once('FCPATH\\index.php')
CRITICAL - 2022-12-08 20:56:07 --> Undefined index: id_community
in APPPATH\Views\admin\community.php on line 56.
 1 APPPATH\Views\admin\community.php(56): CodeIgniter\Debug\Exceptions->errorHandler(8, 'Undefined index: id_community', 'APPPATH\\Views\\admin\\community.php', 56, [...])
 2 SYSTEMPATH\View\View.php(213): include('APPPATH\\Views\\admin\\community.php')
 3 SYSTEMPATH\View\View.php(216): CodeIgniter\View\View->CodeIgniter\View\{closure}()
 4 SYSTEMPATH\Common.php(1135): CodeIgniter\View\View->render('admin/community', [], true)
 5 APPPATH\Controllers\Community.php(14): view('admin/community', [...])
 6 SYSTEMPATH\CodeIgniter.php(896): App\Controllers\Community->index()
 7 SYSTEMPATH\CodeIgniter.php(466): CodeIgniter\CodeIgniter->runController(Object(App\Controllers\Community))
 8 SYSTEMPATH\CodeIgniter.php(349): CodeIgniter\CodeIgniter->handleRequest(null, Object(Config\Cache), false)
 9 FCPATH\index.php(55): CodeIgniter\CodeIgniter->run()
10 SYSTEMPATH\Commands\Server\rewrite.php(43): require_once('FCPATH\\index.php')
CRITICAL - 2022-12-08 20:56:14 --> Undefined index: id_community
in APPPATH\Views\admin\community.php on line 56.
 1 APPPATH\Views\admin\community.php(56): CodeIgniter\Debug\Exceptions->errorHandler(8, 'Undefined index: id_community', 'APPPATH\\Views\\admin\\community.php', 56, [...])
 2 SYSTEMPATH\View\View.php(213): include('APPPATH\\Views\\admin\\community.php')
 3 SYSTEMPATH\View\View.php(216): CodeIgniter\View\View->CodeIgniter\View\{closure}()
 4 SYSTEMPATH\Common.php(1135): CodeIgniter\View\View->render('admin/community', [], true)
 5 APPPATH\Controllers\Community.php(14): view('admin/community', [...])
 6 SYSTEMPATH\CodeIgniter.php(896): App\Controllers\Community->index()
 7 SYSTEMPATH\CodeIgniter.php(466): CodeIgniter\CodeIgniter->runController(Object(App\Controllers\Community))
 8 SYSTEMPATH\CodeIgniter.php(349): CodeIgniter\CodeIgniter->handleRequest(null, Object(Config\Cache), false)
 9 FCPATH\index.php(55): CodeIgniter\CodeIgniter->run()
10 SYSTEMPATH\Commands\Server\rewrite.php(43): require_once('FCPATH\\index.php')
CRITICAL - 2022-12-08 20:56:47 --> unlink(img/1669975890_5a217fb7f6c8393ef9f2): No such file or directory
in APPPATH\Controllers\Community.php on line 55.
 1 [internal function]: CodeIgniter\Debug\Exceptions->errorHandler(2, 'unlink(img/1669975890_5a217fb7f6c8393ef9f2): No such file or directory', 'APPPATH\\Controllers\\Community.php', 55, [...])
 2 APPPATH\Controllers\Community.php(55): unlink('img/1669975890_5a217fb7f6c8393ef9f2')
 3 SYSTEMPATH\CodeIgniter.php(896): App\Controllers\Community->delete()
 4 SYSTEMPATH\CodeIgniter.php(466): CodeIgniter\CodeIgniter->runController(Object(App\Controllers\Community))
 5 SYSTEMPATH\CodeIgniter.php(349): CodeIgniter\CodeIgniter->handleRequest(null, Object(Config\Cache), false)
 6 FCPATH\index.php(55): CodeIgniter\CodeIgniter->run()
 7 SYSTEMPATH\Commands\Server\rewrite.php(43): require_once('FCPATH\\index.php')
CRITICAL - 2022-12-08 21:12:20 --> Class 'App\Controllers\CommunityModel' not found
in APPPATH\Controllers\Home.php on line 130.
 1 SYSTEMPATH\CodeIgniter.php(896): App\Controllers\Home->community()
 2 SYSTEMPATH\CodeIgniter.php(466): CodeIgniter\CodeIgniter->runController(Object(App\Controllers\Home))
 3 SYSTEMPATH\CodeIgniter.php(349): CodeIgniter\CodeIgniter->handleRequest(null, Object(Config\Cache), false)
 4 FCPATH\index.php(55): CodeIgniter\CodeIgniter->run()
 5 SYSTEMPATH\Commands\Server\rewrite.php(43): require_once('FCPATH\\index.php')
CRITICAL - 2022-12-08 21:22:58 --> unlink(img/1670555944_84fafc24728d9435b104.jpg): No such file or directory
in APPPATH\Controllers\Community.php on line 85.
 1 [internal function]: CodeIgniter\Debug\Exceptions->errorHandler(2, 'unlink(img/1670555944_84fafc24728d9435b104.jpg): No such file or directory', 'APPPATH\\Controllers\\Community.php', 85, [...])
 2 APPPATH\Controllers\Community.php(85): unlink('img/1670555944_84fafc24728d9435b104.jpg')
 3 SYSTEMPATH\CodeIgniter.php(896): App\Controllers\Community->update()
 4 SYSTEMPATH\CodeIgniter.php(466): CodeIgniter\CodeIgniter->runController(Object(App\Controllers\Community))
 5 SYSTEMPATH\CodeIgniter.php(349): CodeIgniter\CodeIgniter->handleRequest(null, Object(Config\Cache), false)
 6 FCPATH\index.php(55): CodeIgniter\CodeIgniter->run()
 7 SYSTEMPATH\Commands\Server\rewrite.php(43): require_once('FCPATH\\index.php')
